CRITICAL - 2022-02-23 02:14:14 --> syntax error, unexpected token "="
#0 /Users/mohammadrevan/Desktop/skripsi/system/Autoloader/Autoloader.php(241): CodeIgniter\Autoloader\Autoloader->includeFile('/Users/mohammad...')
#1 /Users/mohammadrevan/Desktop/skripsi/system/Autoloader/Autoloader.php(219): CodeIgniter\Autoloader\Autoloader->loadInNamespace('App\\Controllers...')
#2 [internal function]: CodeIgniter\Autoloader\Autoloader->loadClass('App\\Controllers...')
#3 /Users/mohammadrevan/Desktop/skripsi/system/CodeIgniter.php(790): class_exists('\\App\\Controller...', true)
#4 /Users/mohammadrevan/Desktop/skripsi/system/CodeIgniter.php(399): CodeIgniter\CodeIgniter->startController()
#5 /Users/mohammadrevan/Desktop/skripsi/system/CodeIgniter.php(320): CodeIgniter\CodeIgniter->handleRequest(NULL, Object(Config\Cache), false)
#6 /Users/mohammadrevan/Desktop/skripsi/public/index.php(37): CodeIgniter\CodeIgniter->run()
#7 /Users/mohammadrevan/Desktop/skripsi/system/Commands/Server/rewrite.php(43): require_once('/Users/mohammad...')
#8 {main}
CRITICAL - 2022-02-23 02:14:26 --> syntax error, unexpected token "="
#0 /Users/mohammadrevan/Desktop/skripsi/system/Autoloader/Autoloader.php(241): CodeIgniter\Autoloader\Autoloader->includeFile('/Users/mohammad...')
#1 /Users/mohammadrevan/Desktop/skripsi/system/Autoloader/Autoloader.php(219): CodeIgniter\Autoloader\Autoloader->loadInNamespace('App\\Controllers...')
#2 [internal function]: CodeIgniter\Autoloader\Autoloader->loadClass('App\\Controllers...')
#3 /Users/mohammadrevan/Desktop/skripsi/system/CodeIgniter.php(790): class_exists('\\App\\Controller...', true)
#4 /Users/mohammadrevan/Desktop/skripsi/system/CodeIgniter.php(399): CodeIgniter\CodeIgniter->startController()
#5 /Users/mohammadrevan/Desktop/skripsi/system/CodeIgniter.php(320): CodeIgniter\CodeIgniter->handleRequest(NULL, Object(Config\Cache), false)
#6 /Users/mohammadrevan/Desktop/skripsi/public/index.php(37): CodeIgniter\CodeIgniter->run()
#7 /Users/mohammadrevan/Desktop/skripsi/system/Commands/Server/rewrite.php(43): require_once('/Users/mohammad...')
#8 {main}
CRITICAL - 2022-02-23 02:24:39 --> syntax error, unexpected token "="
#0 /Users/mohammadrevan/Desktop/skripsi/system/Autoloader/Autoloader.php(241): CodeIgniter\Autoloader\Autoloader->includeFile('/Users/mohammad...')
#1 /Users/mohammadrevan/Desktop/skripsi/system/Autoloader/Autoloader.php(219): CodeIgniter\Autoloader\Autoloader->loadInNamespace('App\\Controllers...')
#2 [internal function]: CodeIgniter\Autoloader\Autoloader->loadClass('App\\Controllers...')
#3 /Users/mohammadrevan/Desktop/skripsi/system/CodeIgniter.php(790): class_exists('\\App\\Controller...', true)
#4 /Users/mohammadrevan/Desktop/skripsi/system/CodeIgniter.php(399): CodeIgniter\CodeIgniter->startController()
#5 /Users/mohammadrevan/Desktop/skripsi/system/CodeIgniter.php(320): CodeIgniter\CodeIgniter->handleRequest(NULL, Object(Config\Cache), false)
#6 /Users/mohammadrevan/Desktop/skripsi/public/index.php(37): CodeIgniter\CodeIgniter->run()
#7 /Users/mohammadrevan/Desktop/skripsi/system/Commands/Server/rewrite.php(43): require_once('/Users/mohammad...')
#8 {main}
CRITICAL - 2022-02-23 02:53:12 --> syntax error, unexpected token "="
#0 /Users/mohammadrevan/Desktop/skripsi/system/Autoloader/Autoloader.php(241): CodeIgniter\Autoloader\Autoloader->includeFile('/Users/mohammad...')
#1 /Users/mohammadrevan/Desktop/skripsi/system/Autoloader/Autoloader.php(219): CodeIgniter\Autoloader\Autoloader->loadInNamespace('App\\Controllers...')
#2 [internal function]: CodeIgniter\Autoloader\Autoloader->loadClass('App\\Controllers...')
#3 /Users/mohammadrevan/Desktop/skripsi/system/CodeIgniter.php(790): class_exists('\\App\\Controller...', true)
#4 /Users/mohammadrevan/Desktop/skripsi/system/CodeIgniter.php(399): CodeIgniter\CodeIgniter->startController()
#5 /Users/mohammadrevan/Desktop/skripsi/system/CodeIgniter.php(320): CodeIgniter\CodeIgniter->handleRequest(NULL, Object(Config\Cache), false)
#6 /Users/mohammadrevan/Desktop/skripsi/public/index.php(37): CodeIgniter\CodeIgniter->run()
#7 /Users/mohammadrevan/Desktop/skripsi/system/Commands/Server/rewrite.php(43): require_once('/Users/mohammad...')
#8 {main}
CRITICAL - 2022-02-23 02:57:09 --> Undefined property: stdClass::$stok
#0 /Users/mohammadrevan/Desktop/skripsi/app/Views/pages/data_ayam/index.php(30): CodeIgniter\Debug\Exceptions->errorHandler(2, 'Undefined prope...', '/Users/mohammad...', 30)
#1 /Users/mohammadrevan/Desktop/skripsi/system/View/View.php(210): include('/Users/mohammad...')
#2 /Users/mohammadrevan/Desktop/skripsi/system/View/View.php(213): CodeIgniter\View\View->CodeIgniter\View\{closure}()
#3 /Users/mohammadrevan/Desktop/skripsi/system/Common.php(1089): CodeIgniter\View\View->render('pages/data_ayam...', Array, true)
#4 /Users/mohammadrevan/Desktop/skripsi/app/Controllers/DataBibitAyam.php(14): view('pages/data_ayam...', Array)
#5 /Users/mohammadrevan/Desktop/skripsi/system/CodeIgniter.php(825): App\Controllers\DataBibitAyam->index()
#6 /Users/mohammadrevan/Desktop/skripsi/system/CodeIgniter.php(412): CodeIgniter\CodeIgniter->runController(Object(App\Controllers\DataBibitAyam))
#7 /Users/mohammadrevan/Desktop/skripsi/system/CodeIgniter.php(320): CodeIgniter\CodeIgniter->handleRequest(NULL, Object(Config\Cache), false)
#8 /Users/mohammadrevan/Desktop/skripsi/public/index.php(37): CodeIgniter\CodeIgniter->run()
#9 /Users/mohammadrevan/Desktop/skripsi/system/Commands/Server/rewrite.php(43): require_once('/Users/mohammad...')
#10 {main}
CRITICAL - 2022-02-23 03:26:11 --> Invalid file: pages/data-ayam/tambah.php
#0 /Users/mohammadrevan/Desktop/skripsi/system/View/View.php(198): CodeIgniter\Exceptions\FrameworkException::forInvalidFile('pages/data-ayam...')
#1 /Users/mohammadrevan/Desktop/skripsi/system/Common.php(1089): CodeIgniter\View\View->render('pages/data-ayam...', Array, true)
#2 /Users/mohammadrevan/Desktop/skripsi/app/Controllers/DataBibitAyam.php(19): view('pages/data-ayam...')
#3 /Users/mohammadrevan/Desktop/skripsi/system/CodeIgniter.php(825): App\Controllers\DataBibitAyam->tambah()
#4 /Users/mohammadrevan/Desktop/skripsi/system/CodeIgniter.php(412): CodeIgniter\CodeIgniter->runController(Object(App\Controllers\DataBibitAyam))
#5 /Users/mohammadrevan/Desktop/skripsi/system/CodeIgniter.php(320): CodeIgniter\CodeIgniter->handleRequest(NULL, Object(Config\Cache), false)
#6 /Users/mohammadrevan/Desktop/skripsi/public/index.php(37): CodeIgniter\CodeIgniter->run()
#7 /Users/mohammadrevan/Desktop/skripsi/system/Commands/Server/rewrite.php(43): require_once('/Users/mohammad...')
#8 {main}
CRITICAL - 2022-02-23 03:27:09 --> Invalid file: pages/data-ayam/tambah.php
#0 /Users/mohammadrevan/Desktop/skripsi/system/View/View.php(198): CodeIgniter\Exceptions\FrameworkException::forInvalidFile('pages/data-ayam...')
#1 /Users/mohammadrevan/Desktop/skripsi/system/Common.php(1089): CodeIgniter\View\View->render('pages/data-ayam...', Array, true)
#2 /Users/mohammadrevan/Desktop/skripsi/app/Controllers/DataBibitAyam.php(19): view('pages/data-ayam...')
#3 /Users/mohammadrevan/Desktop/skripsi/system/CodeIgniter.php(825): App\Controllers\DataBibitAyam->tambah()
#4 /Users/mohammadrevan/Desktop/skripsi/system/CodeIgniter.php(412): CodeIgniter\CodeIgniter->runController(Object(App\Controllers\DataBibitAyam))
#5 /Users/mohammadrevan/Desktop/skripsi/system/CodeIgniter.php(320): CodeIgniter\CodeIgniter->handleRequest(NULL, Object(Config\Cache), false)
#6 /Users/mohammadrevan/Desktop/skripsi/public/index.php(37): CodeIgniter\CodeIgniter->run()
#7 /Users/mohammadrevan/Desktop/skripsi/system/Commands/Server/rewrite.php(43): require_once('/Users/mohammad...')
#8 {main}
CRITICAL - 2022-02-23 03:27:10 --> Invalid file: pages/data-ayam/tambah.php
#0 /Users/mohammadrevan/Desktop/skripsi/system/View/View.php(198): CodeIgniter\Exceptions\FrameworkException::forInvalidFile('pages/data-ayam...')
#1 /Users/mohammadrevan/Desktop/skripsi/system/Common.php(1089): CodeIgniter\View\View->render('pages/data-ayam...', Array, true)
#2 /Users/mohammadrevan/Desktop/skripsi/app/Controllers/DataBibitAyam.php(19): view('pages/data-ayam...')
#3 /Users/mohammadrevan/Desktop/skripsi/system/CodeIgniter.php(825): App\Controllers\DataBibitAyam->tambah()
#4 /Users/mohammadrevan/Desktop/skripsi/system/CodeIgniter.php(412): CodeIgniter\CodeIgniter->runController(Object(App\Controllers\DataBibitAyam))
#5 /Users/mohammadrevan/Desktop/skripsi/system/CodeIgniter.php(320): CodeIgniter\CodeIgniter->handleRequest(NULL, Object(Config\Cache), false)
#6 /Users/mohammadrevan/Desktop/skripsi/public/index.php(37): CodeIgniter\CodeIgniter->run()
#7 /Users/mohammadrevan/Desktop/skripsi/system/Commands/Server/rewrite.php(43): require_once('/Users/mohammad...')
#8 {main}
CRITICAL - 2022-02-23 03:27:28 --> Undefined variable $databibit
#0 /Users/mohammadrevan/Desktop/skripsi/app/Views/pages/data_ayam/tambah.php(25): CodeIgniter\Debug\Exceptions->errorHandler(2, 'Undefined varia...', '/Users/mohammad...', 25)
#1 /Users/mohammadrevan/Desktop/skripsi/system/View/View.php(210): include('/Users/mohammad...')
#2 /Users/mohammadrevan/Desktop/skripsi/system/View/View.php(213): CodeIgniter\View\View->CodeIgniter\View\{closure}()
#3 /Users/mohammadrevan/Desktop/skripsi/system/Common.php(1089): CodeIgniter\View\View->render('pages/data_ayam...', Array, true)
#4 /Users/mohammadrevan/Desktop/skripsi/app/Controllers/DataBibitAyam.php(19): view('pages/data_ayam...')
#5 /Users/mohammadrevan/Desktop/skripsi/system/CodeIgniter.php(825): App\Controllers\DataBibitAyam->tambah()
#6 /Users/mohammadrevan/Desktop/skripsi/system/CodeIgniter.php(412): CodeIgniter\CodeIgniter->runController(Object(App\Controllers\DataBibitAyam))
#7 /Users/mohammadrevan/Desktop/skripsi/system/CodeIgniter.php(320): CodeIgniter\CodeIgniter->handleRequest(NULL, Object(Config\Cache), false)
#8 /Users/mohammadrevan/Desktop/skripsi/public/index.php(37): CodeIgniter\CodeIgniter->run()
#9 /Users/mohammadrevan/Desktop/skripsi/system/Commands/Server/rewrite.php(43): require_once('/Users/mohammad...')
#10 {main}
CRITICAL - 2022-02-23 03:27:51 --> Undefined variable $title
#0 /Users/mohammadrevan/Desktop/skripsi/app/Views/layouts/header.php(10): CodeIgniter\Debug\Exceptions->errorHandler(2, 'Undefined varia...', '/Users/mohammad...', 10)
#1 /Users/mohammadrevan/Desktop/skripsi/system/View/View.php(210): include('/Users/mohammad...')
#2 /Users/mohammadrevan/Desktop/skripsi/system/View/View.php(213): CodeIgniter\View\View->CodeIgniter\View\{closure}()
#3 /Users/mohammadrevan/Desktop/skripsi/system/View/View.php(424): CodeIgniter\View\View->render('layouts/header', NULL, true)
#4 /Users/mohammadrevan/Desktop/skripsi/app/Views/layouts/main.php(1): CodeIgniter\View\View->include('layouts/header')
#5 /Users/mohammadrevan/Desktop/skripsi/system/View/View.php(210): include('/Users/mohammad...')
#6 /Users/mohammadrevan/Desktop/skripsi/system/View/View.php(213): CodeIgniter\View\View->CodeIgniter\View\{closure}()
#7 /Users/mohammadrevan/Desktop/skripsi/system/View/View.php(226): CodeIgniter\View\View->render('layouts/main', Array, true)
#8 /Users/mohammadrevan/Desktop/skripsi/system/Common.php(1089): CodeIgniter\View\View->render('pages/data_ayam...', Array, true)
#9 /Users/mohammadrevan/Desktop/skripsi/app/Controllers/DataBibitAyam.php(19): view('pages/data_ayam...')
#10 /Users/mohammadrevan/Desktop/skripsi/system/CodeIgniter.php(825): App\Controllers\DataBibitAyam->tambah()
#11 /Users/mohammadrevan/Desktop/skripsi/system/CodeIgniter.php(412): CodeIgniter\CodeIgniter->runController(Object(App\Controllers\DataBibitAyam))
#12 /Users/mohammadrevan/Desktop/skripsi/system/CodeIgniter.php(320): CodeIgniter\CodeIgniter->handleRequest(NULL, Object(Config\Cache), false)
#13 /Users/mohammadrevan/Desktop/skripsi/public/index.php(37): CodeIgniter\CodeIgniter->run()
#14 /Users/mohammadrevan/Desktop/skripsi/system/Commands/Server/rewrite.php(43): require_once('/Users/mohammad...')
#15 {main}
CRITICAL - 2022-02-23 03:28:09 --> Undefined variable $title
#0 /Users/mohammadrevan/Desktop/skripsi/app/Views/layouts/header.php(10): CodeIgniter\Debug\Exceptions->errorHandler(2, 'Undefined varia...', '/Users/mohammad...', 10)
#1 /Users/mohammadrevan/Desktop/skripsi/system/View/View.php(210): include('/Users/mohammad...')
#2 /Users/mohammadrevan/Desktop/skripsi/system/View/View.php(213): CodeIgniter\View\View->CodeIgniter\View\{closure}()
#3 /Users/mohammadrevan/Desktop/skripsi/system/View/View.php(424): CodeIgniter\View\View->render('layouts/header', NULL, true)
#4 /Users/mohammadrevan/Desktop/skripsi/app/Views/layouts/main.php(1): CodeIgniter\View\View->include('layouts/header')
#5 /Users/mohammadrevan/Desktop/skripsi/system/View/View.php(210): include('/Users/mohammad...')
#6 /Users/mohammadrevan/Desktop/skripsi/system/View/View.php(213): CodeIgniter\View\View->CodeIgniter\View\{closure}()
#7 /Users/mohammadrevan/Desktop/skripsi/system/View/View.php(226): CodeIgniter\View\View->render('layouts/main', Array, true)
#8 /Users/mohammadrevan/Desktop/skripsi/system/Common.php(1089): CodeIgniter\View\View->render('pages/data_ayam...', Array, true)
#9 /Users/mohammadrevan/Desktop/skripsi/app/Controllers/DataBibitAyam.php(20): view('pages/data_ayam...')
#10 /Users/mohammadrevan/Desktop/skripsi/system/CodeIgniter.php(825): App\Controllers\DataBibitAyam->tambah()
#11 /Users/mohammadrevan/Desktop/skripsi/system/CodeIgniter.php(412): CodeIgniter\CodeIgniter->runController(Object(App\Controllers\DataBibitAyam))
#12 /Users/mohammadrevan/Desktop/skripsi/system/CodeIgniter.php(320): CodeIgniter\CodeIgniter->handleRequest(NULL, Object(Config\Cache), false)
#13 /Users/mohammadrevan/Desktop/skripsi/public/index.php(37): CodeIgniter\CodeIgniter->run()
#14 /Users/mohammadrevan/Desktop/skripsi/system/Commands/Server/rewrite.php(43): require_once('/Users/mohammad...')
#15 {main}
CRITICAL - 2022-02-23 03:57:16 --> Undefined variable $data
#0 /Users/mohammadrevan/Desktop/skripsi/app/Controllers/DataBibitAyam.php(22): CodeIgniter\Debug\Exceptions->errorHandler(2, 'Undefined varia...', '/Users/mohammad...', 22)
#1 /Users/mohammadrevan/Desktop/skripsi/system/CodeIgniter.php(825): App\Controllers\DataBibitAyam->tambah()
#2 /Users/mohammadrevan/Desktop/skripsi/system/CodeIgniter.php(412): CodeIgniter\CodeIgniter->runController(Object(App\Controllers\DataBibitAyam))
#3 /Users/mohammadrevan/Desktop/skripsi/system/CodeIgniter.php(320): CodeIgniter\CodeIgniter->handleRequest(NULL, Object(Config\Cache), false)
#4 /Users/mohammadrevan/Desktop/skripsi/public/index.php(37): CodeIgniter\CodeIgniter->run()
#5 /Users/mohammadrevan/Desktop/skripsi/system/Commands/Server/rewrite.php(43): require_once('/Users/mohammad...')
#6 {main}
CRITICAL - 2022-02-23 03:57:21 --> Undefined variable $title
#0 /Users/mohammadrevan/Desktop/skripsi/app/Views/layouts/header.php(10): CodeIgniter\Debug\Exceptions->errorHandler(2, 'Undefined varia...', '/Users/mohammad...', 10)
#1 /Users/mohammadrevan/Desktop/skripsi/system/View/View.php(210): include('/Users/mohammad...')
#2 /Users/mohammadrevan/Desktop/skripsi/system/View/View.php(213): CodeIgniter\View\View->CodeIgniter\View\{closure}()
#3 /Users/mohammadrevan/Desktop/skripsi/system/View/View.php(424): CodeIgniter\View\View->render('layouts/header', NULL, true)
#4 /Users/mohammadrevan/Desktop/skripsi/app/Views/layouts/main.php(1): CodeIgniter\View\View->include('layouts/header')
#5 /Users/mohammadrevan/Desktop/skripsi/system/View/View.php(210): include('/Users/mohammad...')
#6 /Users/mohammadrevan/Desktop/skripsi/system/View/View.php(213): CodeIgniter\View\View->CodeIgniter\View\{closure}()
#7 /Users/mohammadrevan/Desktop/skripsi/system/View/View.php(226): CodeIgniter\View\View->render('layouts/main', Array, true)
#8 /Users/mohammadrevan/Desktop/skripsi/system/Common.php(1089): CodeIgniter\View\View->render('pages/data_ayam...', Array, true)
#9 /Users/mohammadrevan/Desktop/skripsi/app/Controllers/DataBibitAyam.php(22): view('pages/data_ayam...')
#10 /Users/mohammadrevan/Desktop/skripsi/system/CodeIgniter.php(825): App\Controllers\DataBibitAyam->tambah()
#11 /Users/mohammadrevan/Desktop/skripsi/system/CodeIgniter.php(412): CodeIgniter\CodeIgniter->runController(Object(App\Controllers\DataBibitAyam))
#12 /Users/mohammadrevan/Desktop/skripsi/system/CodeIgniter.php(320): CodeIgniter\CodeIgniter->handleRequest(NULL, Object(Config\Cache), false)
#13 /Users/mohammadrevan/Desktop/skripsi/public/index.php(37): CodeIgniter\CodeIgniter->run()
#14 /Users/mohammadrevan/Desktop/skripsi/system/Commands/Server/rewrite.php(43): require_once('/Users/mohammad...')
#15 {main}
CRITICAL - 2022-02-23 03:57:32 --> syntax error, unexpected token "}"
#0 /Users/mohammadrevan/Desktop/skripsi/system/Autoloader/Autoloader.php(241): CodeIgniter\Autoloader\Autoloader->includeFile('/Users/mohammad...')
#1 /Users/mohammadrevan/Desktop/skripsi/system/Autoloader/Autoloader.php(219): CodeIgniter\Autoloader\Autoloader->loadInNamespace('App\\Controllers...')
#2 [internal function]: CodeIgniter\Autoloader\Autoloader->loadClass('App\\Controllers...')
#3 /Users/mohammadrevan/Desktop/skripsi/system/CodeIgniter.php(790): class_exists('\\App\\Controller...', true)
#4 /Users/mohammadrevan/Desktop/skripsi/system/CodeIgniter.php(399): CodeIgniter\CodeIgniter->startController()
#5 /Users/mohammadrevan/Desktop/skripsi/system/CodeIgniter.php(320): CodeIgniter\CodeIgniter->handleRequest(NULL, Object(Config\Cache), false)
#6 /Users/mohammadrevan/Desktop/skripsi/public/index.php(37): CodeIgniter\CodeIgniter->run()
#7 /Users/mohammadrevan/Desktop/skripsi/system/Commands/Server/rewrite.php(43): require_once('/Users/mohammad...')
#8 {main}
CRITICAL - 2022-02-23 04:00:51 --> Undefined property: CodeIgniter\HTTP\IncomingRequest::$jenis
#0 /Users/mohammadrevan/Desktop/skripsi/app/Controllers/DataBibitAyam.php(25): CodeIgniter\Debug\Exceptions->errorHandler(2, 'Undefined prope...', '/Users/mohammad...', 25)
#1 /Users/mohammadrevan/Desktop/skripsi/system/CodeIgniter.php(825): App\Controllers\DataBibitAyam->store()
#2 /Users/mohammadrevan/Desktop/skripsi/system/CodeIgniter.php(412): CodeIgniter\CodeIgniter->runController(Object(App\Controllers\DataBibitAyam))
#3 /Users/mohammadrevan/Desktop/skripsi/system/CodeIgniter.php(320): CodeIgniter\CodeIgniter->handleRequest(NULL, Object(Config\Cache), false)
#4 /Users/mohammadrevan/Desktop/skripsi/public/index.php(37): CodeIgniter\CodeIgniter->run()
#5 /Users/mohammadrevan/Desktop/skripsi/system/Commands/Server/rewrite.php(43): require_once('/Users/mohammad...')
#6 {main}
CRITICAL - 2022-02-23 04:01:26 --> Call to undefined method CodeIgniter\HTTP\IncomingRequest::body()
#0 /Users/mohammadrevan/Desktop/skripsi/system/CodeIgniter.php(825): App\Controllers\DataBibitAyam->store()
#1 /Users/mohammadrevan/Desktop/skripsi/system/CodeIgniter.php(412): CodeIgniter\CodeIgniter->runController(Object(App\Controllers\DataBibitAyam))
#2 /Users/mohammadrevan/Desktop/skripsi/system/CodeIgniter.php(320): CodeIgniter\CodeIgniter->handleRequest(NULL, Object(Config\Cache), false)
#3 /Users/mohammadrevan/Desktop/skripsi/public/index.php(37): CodeIgniter\CodeIgniter->run()
#4 /Users/mohammadrevan/Desktop/skripsi/system/Commands/Server/rewrite.php(43): require_once('/Users/mohammad...')
#5 {main}
CRITICAL - 2022-02-23 04:20:02 --> alpha_numeric_spaces is not a valid rule.
#0 /Users/mohammadrevan/Desktop/skripsi/system/Validation/Validation.php(300): CodeIgniter\Validation\Exceptions\ValidationException::forRuleNotFound('alpha_numeric_s...')
#1 /Users/mohammadrevan/Desktop/skripsi/system/Validation/Validation.php(157): CodeIgniter\Validation\Validation->processRules('jenis', 'jenis', '1w3123', Array, Array)
#2 /Users/mohammadrevan/Desktop/skripsi/system/Controller.php(160): CodeIgniter\Validation\Validation->run()
#3 /Users/mohammadrevan/Desktop/skripsi/app/Controllers/DataBibitAyam.php(26): CodeIgniter\Controller->validate(Array)
#4 /Users/mohammadrevan/Desktop/skripsi/system/CodeIgniter.php(825): App\Controllers\DataBibitAyam->store()
#5 /Users/mohammadrevan/Desktop/skripsi/system/CodeIgniter.php(412): CodeIgniter\CodeIgniter->runController(Object(App\Controllers\DataBibitAyam))
#6 /Users/mohammadrevan/Desktop/skripsi/system/CodeIgniter.php(320): CodeIgniter\CodeIgniter->handleRequest(NULL, Object(Config\Cache), false)
#7 /Users/mohammadrevan/Desktop/skripsi/public/index.php(37): CodeIgniter\CodeIgniter->run()
#8 /Users/mohammadrevan/Desktop/skripsi/system/Commands/Server/rewrite.php(43): require_once('/Users/mohammad...')
#9 {main}
CRITICAL - 2022-02-23 04:26:27 --> Cannot access protected property CodeIgniter\HTTP\IncomingRequest::$body
#0 /Users/mohammadrevan/Desktop/skripsi/system/CodeIgniter.php(825): App\Controllers\DataBibitAyam->store()
#1 /Users/mohammadrevan/Desktop/skripsi/system/CodeIgniter.php(412): CodeIgniter\CodeIgniter->runController(Object(App\Controllers\DataBibitAyam))
#2 /Users/mohammadrevan/Desktop/skripsi/system/CodeIgniter.php(320): CodeIgniter\CodeIgniter->handleRequest(NULL, Object(Config\Cache), false)
#3 /Users/mohammadrevan/Desktop/skripsi/public/index.php(37): CodeIgniter\CodeIgniter->run()
#4 /Users/mohammadrevan/Desktop/skripsi/system/Commands/Server/rewrite.php(43): require_once('/Users/mohammad...')
#5 {main}
CRITICAL - 2022-02-23 06:24:17 --> Undefined variable $msg
#0 /Users/mohammadrevan/Desktop/skripsi/app/Views/pages/data_ayam/index.php(13): CodeIgniter\Debug\Exceptions->errorHandler(2, 'Undefined varia...', '/Users/mohammad...', 13)
#1 /Users/mohammadrevan/Desktop/skripsi/system/View/View.php(210): include('/Users/mohammad...')
#2 /Users/mohammadrevan/Desktop/skripsi/system/View/View.php(213): CodeIgniter\View\View->CodeIgniter\View\{closure}()
#3 /Users/mohammadrevan/Desktop/skripsi/system/Common.php(1089): CodeIgniter\View\View->render('pages/data_ayam...', Array, true)
#4 /Users/mohammadrevan/Desktop/skripsi/app/Controllers/DataBibitAyam.php(14): view('pages/data_ayam...', Array)
#5 /Users/mohammadrevan/Desktop/skripsi/system/CodeIgniter.php(825): App\Controllers\DataBibitAyam->index()
#6 /Users/mohammadrevan/Desktop/skripsi/system/CodeIgniter.php(412): CodeIgniter\CodeIgniter->runController(Object(App\Controllers\DataBibitAyam))
#7 /Users/mohammadrevan/Desktop/skripsi/system/CodeIgniter.php(320): CodeIgniter\CodeIgniter->handleRequest(NULL, Object(Config\Cache), false)
#8 /Users/mohammadrevan/Desktop/skripsi/public/index.php(37): CodeIgniter\CodeIgniter->run()
#9 /Users/mohammadrevan/Desktop/skripsi/system/Commands/Server/rewrite.php(43): require_once('/Users/mohammad...')
#10 {main}
CRITICAL - 2022-02-23 06:24:43 --> Undefined variable $success
#0 /Users/mohammadrevan/Desktop/skripsi/app/Views/pages/data_ayam/index.php(13): CodeIgniter\Debug\Exceptions->errorHandler(2, 'Undefined varia...', '/Users/mohammad...', 13)
#1 /Users/mohammadrevan/Desktop/skripsi/system/View/View.php(210): include('/Users/mohammad...')
#2 /Users/mohammadrevan/Desktop/skripsi/system/View/View.php(213): CodeIgniter\View\View->CodeIgniter\View\{closure}()
#3 /Users/mohammadrevan/Desktop/skripsi/system/Common.php(1089): CodeIgniter\View\View->render('pages/data_ayam...', Array, true)
#4 /Users/mohammadrevan/Desktop/skripsi/app/Controllers/DataBibitAyam.php(14): view('pages/data_ayam...', Array)
#5 /Users/mohammadrevan/Desktop/skripsi/system/CodeIgniter.php(825): App\Controllers\DataBibitAyam->index()
#6 /Users/mohammadrevan/Desktop/skripsi/system/CodeIgniter.php(412): CodeIgniter\CodeIgniter->runController(Object(App\Controllers\DataBibitAyam))
#7 /Users/mohammadrevan/Desktop/skripsi/system/CodeIgniter.php(320): CodeIgniter\CodeIgniter->handleRequest(NULL, Object(Config\Cache), false)
#8 /Users/mohammadrevan/Desktop/skripsi/public/index.php(37): CodeIgniter\CodeIgniter->run()
#9 /Users/mohammadrevan/Desktop/skripsi/system/Commands/Server/rewrite.php(43): require_once('/Users/mohammad...')
#10 {main}
CRITICAL - 2022-02-23 06:35:46 --> Invalid file: pages/data_ayam/edit.php
#0 /Users/mohammadrevan/Desktop/skripsi/system/View/View.php(198): CodeIgniter\Exceptions\FrameworkException::forInvalidFile('pages/data_ayam...')
#1 /Users/mohammadrevan/Desktop/skripsi/system/Common.php(1089): CodeIgniter\View\View->render('pages/data_ayam...', Array, true)
#2 /Users/mohammadrevan/Desktop/skripsi/app/Controllers/DataBibitAyam.php(54): view('pages/data_ayam...', Array)
#3 /Users/mohammadrevan/Desktop/skripsi/system/CodeIgniter.php(825): App\Controllers\DataBibitAyam->edit('9')
#4 /Users/mohammadrevan/Desktop/skripsi/system/CodeIgniter.php(412): CodeIgniter\CodeIgniter->runController(Object(App\Controllers\DataBibitAyam))
#5 /Users/mohammadrevan/Desktop/skripsi/system/CodeIgniter.php(320): CodeIgniter\CodeIgniter->handleRequest(NULL, Object(Config\Cache), false)
#6 /Users/mohammadrevan/Desktop/skripsi/public/index.php(37): CodeIgniter\CodeIgniter->run()
#7 /Users/mohammadrevan/Desktop/skripsi/system/Commands/Server/rewrite.php(43): require_once('/Users/mohammad...')
#8 {main}
CRITICAL - 2022-02-23 06:38:03 --> Attempt to read property "jenis" on null
#0 /Users/mohammadrevan/Desktop/skripsi/app/Views/pages/data_ayam/edit.php(26): CodeIgniter\Debug\Exceptions->errorHandler(2, 'Attempt to read...', '/Users/mohammad...', 26)
#1 /Users/mohammadrevan/Desktop/skripsi/system/View/View.php(210): include('/Users/mohammad...')
#2 /Users/mohammadrevan/Desktop/skripsi/system/View/View.php(213): CodeIgniter\View\View->CodeIgniter\View\{closure}()
#3 /Users/mohammadrevan/Desktop/skripsi/system/Common.php(1089): CodeIgniter\View\View->render('pages/data_ayam...', Array, true)
#4 /Users/mohammadrevan/Desktop/skripsi/app/Controllers/DataBibitAyam.php(58): view('pages/data_ayam...', Array)
#5 /Users/mohammadrevan/Desktop/skripsi/system/CodeIgniter.php(825): App\Controllers\DataBibitAyam->edit('dashboard.js')
#6 /Users/mohammadrevan/Desktop/skripsi/system/CodeIgniter.php(412): CodeIgniter\CodeIgniter->runController(Object(App\Controllers\DataBibitAyam))
#7 /Users/mohammadrevan/Desktop/skripsi/system/CodeIgniter.php(320): CodeIgniter\CodeIgniter->handleRequest(NULL, Object(Config\Cache), false)
#8 /Users/mohammadrevan/Desktop/skripsi/public/index.php(37): CodeIgniter\CodeIgniter->run()
#9 /Users/mohammadrevan/Desktop/skripsi/system/Commands/Server/rewrite.php(43): require_once('/Users/mohammad...')
#10 {main}
CRITICAL - 2022-02-23 06:38:22 --> Attempt to read property "jenis" on null
#0 /Users/mohammadrevan/Desktop/skripsi/app/Views/pages/data_ayam/edit.php(26): CodeIgniter\Debug\Exceptions->errorHandler(2, 'Attempt to read...', '/Users/mohammad...', 26)
#1 /Users/mohammadrevan/Desktop/skripsi/system/View/View.php(210): include('/Users/mohammad...')
#2 /Users/mohammadrevan/Desktop/skripsi/system/View/View.php(213): CodeIgniter\View\View->CodeIgniter\View\{closure}()
#3 /Users/mohammadrevan/Desktop/skripsi/system/Common.php(1089): CodeIgniter\View\View->render('pages/data_ayam...', Array, true)
#4 /Users/mohammadrevan/Desktop/skripsi/app/Controllers/DataBibitAyam.php(58): view('pages/data_ayam...', Array)
#5 /Users/mohammadrevan/Desktop/skripsi/system/CodeIgniter.php(825): App\Controllers\DataBibitAyam->edit('dashboard.js')
#6 /Users/mohammadrevan/Desktop/skripsi/system/CodeIgniter.php(412): CodeIgniter\CodeIgniter->runController(Object(App\Controllers\DataBibitAyam))
#7 /Users/mohammadrevan/Desktop/skripsi/system/CodeIgniter.php(320): CodeIgniter\CodeIgniter->handleRequest(NULL, Object(Config\Cache), false)
#8 /Users/mohammadrevan/Desktop/skripsi/public/index.php(37): CodeIgniter\CodeIgniter->run()
#9 /Users/mohammadrevan/Desktop/skripsi/system/Commands/Server/rewrite.php(43): require_once('/Users/mohammad...')
#10 {main}
CRITICAL - 2022-02-23 06:38:24 --> Attempt to read property "jenis" on null
#0 /Users/mohammadrevan/Desktop/skripsi/app/Views/pages/data_ayam/edit.php(26): CodeIgniter\Debug\Exceptions->errorHandler(2, 'Attempt to read...', '/Users/mohammad...', 26)
#1 /Users/mohammadrevan/Desktop/skripsi/system/View/View.php(210): include('/Users/mohammad...')
#2 /Users/mohammadrevan/Desktop/skripsi/system/View/View.php(213): CodeIgniter\View\View->CodeIgniter\View\{closure}()
#3 /Users/mohammadrevan/Desktop/skripsi/system/Common.php(1089): CodeIgniter\View\View->render('pages/data_ayam...', Array, true)
#4 /Users/mohammadrevan/Desktop/skripsi/app/Controllers/DataBibitAyam.php(58): view('pages/data_ayam...', Array)
#5 /Users/mohammadrevan/Desktop/skripsi/system/CodeIgniter.php(825): App\Controllers\DataBibitAyam->edit('dashboard.js')
#6 /Users/mohammadrevan/Desktop/skripsi/system/CodeIgniter.php(412): CodeIgniter\CodeIgniter->runController(Object(App\Controllers\DataBibitAyam))
#7 /Users/mohammadrevan/Desktop/skripsi/system/CodeIgniter.php(320): CodeIgniter\CodeIgniter->handleRequest(NULL, Object(Config\Cache), false)
#8 /Users/mohammadrevan/Desktop/skripsi/public/index.php(37): CodeIgniter\CodeIgniter->run()
#9 /Users/mohammadrevan/Desktop/skripsi/system/Commands/Server/rewrite.php(43): require_once('/Users/mohammad...')
#10 {main}
CRITICAL - 2022-02-23 06:38:45 --> Attempt to read property "jenis" on null
#0 /Users/mohammadrevan/Desktop/skripsi/app/Views/pages/data_ayam/edit.php(26): CodeIgniter\Debug\Exceptions->errorHandler(2, 'Attempt to read...', '/Users/mohammad...', 26)
#1 /Users/mohammadrevan/Desktop/skripsi/system/View/View.php(210): include('/Users/mohammad...')
#2 /Users/mohammadrevan/Desktop/skripsi/system/View/View.php(213): CodeIgniter\View\View->CodeIgniter\View\{closure}()
#3 /Users/mohammadrevan/Desktop/skripsi/system/Common.php(1089): CodeIgniter\View\View->render('pages/data_ayam...', Array, true)
#4 /Users/mohammadrevan/Desktop/skripsi/app/Controllers/DataBibitAyam.php(58): view('pages/data_ayam...', Array)
#5 /Users/mohammadrevan/Desktop/skripsi/system/CodeIgniter.php(825): App\Controllers\DataBibitAyam->edit('dashboard.js')
#6 /Users/mohammadrevan/Desktop/skripsi/system/CodeIgniter.php(412): CodeIgniter\CodeIgniter->runController(Object(App\Controllers\DataBibitAyam))
#7 /Users/mohammadrevan/Desktop/skripsi/system/CodeIgniter.php(320): CodeIgniter\CodeIgniter->handleRequest(NULL, Object(Config\Cache), false)
#8 /Users/mohammadrevan/Desktop/skripsi/public/index.php(37): CodeIgniter\CodeIgniter->run()
#9 /Users/mohammadrevan/Desktop/skripsi/system/Commands/Server/rewrite.php(43): require_once('/Users/mohammad...')
#10 {main}
CRITICAL - 2022-02-23 06:38:47 --> Attempt to read property "jenis" on null
#0 /Users/mohammadrevan/Desktop/skripsi/app/Views/pages/data_ayam/edit.php(26): CodeIgniter\Debug\Exceptions->errorHandler(2, 'Attempt to read...', '/Users/mohammad...', 26)
#1 /Users/mohammadrevan/Desktop/skripsi/system/View/View.php(210): include('/Users/mohammad...')
#2 /Users/mohammadrevan/Desktop/skripsi/system/View/View.php(213): CodeIgniter\View\View->CodeIgniter\View\{closure}()
#3 /Users/mohammadrevan/Desktop/skripsi/system/Common.php(1089): CodeIgniter\View\View->render('pages/data_ayam...', Array, true)
#4 /Users/mohammadrevan/Desktop/skripsi/app/Controllers/DataBibitAyam.php(58): view('pages/data_ayam...', Array)
#5 /Users/mohammadrevan/Desktop/skripsi/system/CodeIgniter.php(825): App\Controllers\DataBibitAyam->edit('dashboard.js')
#6 /Users/mohammadrevan/Desktop/skripsi/system/CodeIgniter.php(412): CodeIgniter\CodeIgniter->runController(Object(App\Controllers\DataBibitAyam))
#7 /Users/mohammadrevan/Desktop/skripsi/system/CodeIgniter.php(320): CodeIgniter\CodeIgniter->handleRequest(NULL, Object(Config\Cache), false)
#8 /Users/mohammadrevan/Desktop/skripsi/public/index.php(37): CodeIgniter\CodeIgniter->run()
#9 /Users/mohammadrevan/Desktop/skripsi/system/Commands/Server/rewrite.php(43): require_once('/Users/mohammad...')
#10 {main}
CRITICAL - 2022-02-23 06:39:05 --> Attempt to read property "jenis" on null
#0 /Users/mohammadrevan/Desktop/skripsi/app/Views/pages/data_ayam/edit.php(26): CodeIgniter\Debug\Exceptions->errorHandler(2, 'Attempt to read...', '/Users/mohammad...', 26)
#1 /Users/mohammadrevan/Desktop/skripsi/system/View/View.php(210): include('/Users/mohammad...')
#2 /Users/mohammadrevan/Desktop/skripsi/system/View/View.php(213): CodeIgniter\View\View->CodeIgniter\View\{closure}()
#3 /Users/mohammadrevan/Desktop/skripsi/system/Common.php(1089): CodeIgniter\View\View->render('pages/data_ayam...', Array, true)
#4 /Users/mohammadrevan/Desktop/skripsi/app/Controllers/DataBibitAyam.php(58): view('pages/data_ayam...', Array)
#5 /Users/mohammadrevan/Desktop/skripsi/system/CodeIgniter.php(825): App\Controllers\DataBibitAyam->edit('dashboard.js')
#6 /Users/mohammadrevan/Desktop/skripsi/system/CodeIgniter.php(412): CodeIgniter\CodeIgniter->runController(Object(App\Controllers\DataBibitAyam))
#7 /Users/mohammadrevan/Desktop/skripsi/system/CodeIgniter.php(320): CodeIgniter\CodeIgniter->handleRequest(NULL, Object(Config\Cache), false)
#8 /Users/mohammadrevan/Desktop/skripsi/public/index.php(37): CodeIgniter\CodeIgniter->run()
#9 /Users/mohammadrevan/Desktop/skripsi/system/Commands/Server/rewrite.php(43): require_once('/Users/mohammad...')
#10 {main}
CRITICAL - 2022-02-23 06:39:17 --> Attempt to read property "jenis" on null
#0 /Users/mohammadrevan/Desktop/skripsi/app/Views/pages/data_ayam/edit.php(26): CodeIgniter\Debug\Exceptions->errorHandler(2, 'Attempt to read...', '/Users/mohammad...', 26)
#1 /Users/mohammadrevan/Desktop/skripsi/system/View/View.php(210): include('/Users/mohammad...')
#2 /Users/mohammadrevan/Desktop/skripsi/system/View/View.php(213): CodeIgniter\View\View->CodeIgniter\View\{closure}()
#3 /Users/mohammadrevan/Desktop/skripsi/system/Common.php(1089): CodeIgniter\View\View->render('pages/data_ayam...', Array, true)
#4 /Users/mohammadrevan/Desktop/skripsi/app/Controllers/DataBibitAyam.php(58): view('pages/data_ayam...', Array)
#5 /Users/mohammadrevan/Desktop/skripsi/system/CodeIgniter.php(825): App\Controllers\DataBibitAyam->edit('dashboard.js')
#6 /Users/mohammadrevan/Desktop/skripsi/system/CodeIgniter.php(412): CodeIgniter\CodeIgniter->runController(Object(App\Controllers\DataBibitAyam))
#7 /Users/mohammadrevan/Desktop/skripsi/system/CodeIgniter.php(320): CodeIgniter\CodeIgniter->handleRequest(NULL, Object(Config\Cache), false)
#8 /Users/mohammadrevan/Desktop/skripsi/public/index.php(37): CodeIgniter\CodeIgniter->run()
#9 /Users/mohammadrevan/Desktop/skripsi/system/Commands/Server/rewrite.php(43): require_once('/Users/mohammad...')
#10 {main}
CRITICAL - 2022-02-23 06:44:34 --> Attempt to read property "id" on null
#0 /Users/mohammadrevan/Desktop/skripsi/app/Views/pages/data_ayam/edit.php(11): CodeIgniter\Debug\Exceptions->errorHandler(2, 'Attempt to read...', '/Users/mohammad...', 11)
#1 /Users/mohammadrevan/Desktop/skripsi/system/View/View.php(210): include('/Users/mohammad...')
#2 /Users/mohammadrevan/Desktop/skripsi/system/View/View.php(213): CodeIgniter\View\View->CodeIgniter\View\{closure}()
#3 /Users/mohammadrevan/Desktop/skripsi/system/Common.php(1089): CodeIgniter\View\View->render('pages/data_ayam...', Array, true)
#4 /Users/mohammadrevan/Desktop/skripsi/app/Controllers/DataBibitAyam.php(58): view('pages/data_ayam...', Array)
#5 /Users/mohammadrevan/Desktop/skripsi/system/CodeIgniter.php(825): App\Controllers\DataBibitAyam->edit('dashboard.js')
#6 /Users/mohammadrevan/Desktop/skripsi/system/CodeIgniter.php(412): CodeIgniter\CodeIgniter->runController(Object(App\Controllers\DataBibitAyam))
#7 /Users/mohammadrevan/Desktop/skripsi/system/CodeIgniter.php(320): CodeIgniter\CodeIgniter->handleRequest(NULL, Object(Config\Cache), false)
#8 /Users/mohammadrevan/Desktop/skripsi/public/index.php(37): CodeIgniter\CodeIgniter->run()
#9 /Users/mohammadrevan/Desktop/skripsi/system/Commands/Server/rewrite.php(43): require_once('/Users/mohammad...')
#10 {main}
CRITICAL - 2022-02-23 06:44:39 --> Attempt to read property "id" on null
#0 /Users/mohammadrevan/Desktop/skripsi/app/Views/pages/data_ayam/edit.php(11): CodeIgniter\Debug\Exceptions->errorHandler(2, 'Attempt to read...', '/Users/mohammad...', 11)
#1 /Users/mohammadrevan/Desktop/skripsi/system/View/View.php(210): include('/Users/mohammad...')
#2 /Users/mohammadrevan/Desktop/skripsi/system/View/View.php(213): CodeIgniter\View\View->CodeIgniter\View\{closure}()
#3 /Users/mohammadrevan/Desktop/skripsi/system/Common.php(1089): CodeIgniter\View\View->render('pages/data_ayam...', Array, true)
#4 /Users/mohammadrevan/Desktop/skripsi/app/Controllers/DataBibitAyam.php(58): view('pages/data_ayam...', Array)
#5 /Users/mohammadrevan/Desktop/skripsi/system/CodeIgniter.php(825): App\Controllers\DataBibitAyam->edit('dashboard.js')
#6 /Users/mohammadrevan/Desktop/skripsi/system/CodeIgniter.php(412): CodeIgniter\CodeIgniter->runController(Object(App\Controllers\DataBibitAyam))
#7 /Users/mohammadrevan/Desktop/skripsi/system/CodeIgniter.php(320): CodeIgniter\CodeIgniter->handleRequest(NULL, Object(Config\Cache), false)
#8 /Users/mohammadrevan/Desktop/skripsi/public/index.php(37): CodeIgniter\CodeIgniter->run()
#9 /Users/mohammadrevan/Desktop/skripsi/system/Commands/Server/rewrite.php(43): require_once('/Users/mohammad...')
#10 {main}
CRITICAL - 2022-02-23 06:44:48 --> Attempt to read property "id" on null
#0 /Users/mohammadrevan/Desktop/skripsi/app/Views/pages/data_ayam/edit.php(11): CodeIgniter\Debug\Exceptions->errorHandler(2, 'Attempt to read...', '/Users/mohammad...', 11)
#1 /Users/mohammadrevan/Desktop/skripsi/system/View/View.php(210): include('/Users/mohammad...')
#2 /Users/mohammadrevan/Desktop/skripsi/system/View/View.php(213): CodeIgniter\View\View->CodeIgniter\View\{closure}()
#3 /Users/mohammadrevan/Desktop/skripsi/system/Common.php(1089): CodeIgniter\View\View->render('pages/data_ayam...', Array, true)
#4 /Users/mohammadrevan/Desktop/skripsi/app/Controllers/DataBibitAyam.php(58): view('pages/data_ayam...', Array)
#5 /Users/mohammadrevan/Desktop/skripsi/system/CodeIgniter.php(825): App\Controllers\DataBibitAyam->edit('dashboard.js')
#6 /Users/mohammadrevan/Desktop/skripsi/system/CodeIgniter.php(412): CodeIgniter\CodeIgniter->runController(Object(App\Controllers\DataBibitAyam))
#7 /Users/mohammadrevan/Desktop/skripsi/system/CodeIgniter.php(320): CodeIgniter\CodeIgniter->handleRequest(NULL, Object(Config\Cache), false)
#8 /Users/mohammadrevan/Desktop/skripsi/public/index.php(37): CodeIgniter\CodeIgniter->run()
#9 /Users/mohammadrevan/Desktop/skripsi/system/Commands/Server/rewrite.php(43): require_once('/Users/mohammad...')
#10 {main}
CRITICAL - 2022-02-23 06:45:01 --> Attempt to read property "id" on null
#0 /Users/mohammadrevan/Desktop/skripsi/app/Views/pages/data_ayam/edit.php(11): CodeIgniter\Debug\Exceptions->errorHandler(2, 'Attempt to read...', '/Users/mohammad...', 11)
#1 /Users/mohammadrevan/Desktop/skripsi/system/View/View.php(210): include('/Users/mohammad...')
#2 /Users/mohammadrevan/Desktop/skripsi/system/View/View.php(213): CodeIgniter\View\View->CodeIgniter\View\{closure}()
#3 /Users/mohammadrevan/Desktop/skripsi/system/Common.php(1089): CodeIgniter\View\View->render('pages/data_ayam...', Array, true)
#4 /Users/mohammadrevan/Desktop/skripsi/app/Controllers/DataBibitAyam.php(58): view('pages/data_ayam...', Array)
#5 /Users/mohammadrevan/Desktop/skripsi/system/CodeIgniter.php(825): App\Controllers\DataBibitAyam->edit('dashboard.js')
#6 /Users/mohammadrevan/Desktop/skripsi/system/CodeIgniter.php(412): CodeIgniter\CodeIgniter->runController(Object(App\Controllers\DataBibitAyam))
#7 /Users/mohammadrevan/Desktop/skripsi/system/CodeIgniter.php(320): CodeIgniter\CodeIgniter->handleRequest(NULL, Object(Config\Cache), false)
#8 /Users/mohammadrevan/Desktop/skripsi/public/index.php(37): CodeIgniter\CodeIgniter->run()
#9 /Users/mohammadrevan/Desktop/skripsi/system/Commands/Server/rewrite.php(43): require_once('/Users/mohammad...')
#10 {main}
CRITICAL - 2022-02-23 06:45:01 --> Attempt to read property "id" on null
#0 /Users/mohammadrevan/Desktop/skripsi/app/Views/pages/data_ayam/edit.php(11): CodeIgniter\Debug\Exceptions->errorHandler(2, 'Attempt to read...', '/Users/mohammad...', 11)
#1 /Users/mohammadrevan/Desktop/skripsi/system/View/View.php(210): include('/Users/mohammad...')
#2 /Users/mohammadrevan/Desktop/skripsi/system/View/View.php(213): CodeIgniter\View\View->CodeIgniter\View\{closure}()
#3 /Users/mohammadrevan/Desktop/skripsi/system/Common.php(1089): CodeIgniter\View\View->render('pages/data_ayam...', Array, true)
#4 /Users/mohammadrevan/Desktop/skripsi/app/Controllers/DataBibitAyam.php(58): view('pages/data_ayam...', Array)
#5 /Users/mohammadrevan/Desktop/skripsi/system/CodeIgniter.php(825): App\Controllers\DataBibitAyam->edit('dashboard.js')
#6 /Users/mohammadrevan/Desktop/skripsi/system/CodeIgniter.php(412): CodeIgniter\CodeIgniter->runController(Object(App\Controllers\DataBibitAyam))
#7 /Users/mohammadrevan/Desktop/skripsi/system/CodeIgniter.php(320): CodeIgniter\CodeIgniter->handleRequest(NULL, Object(Config\Cache), false)
#8 /Users/mohammadrevan/Desktop/skripsi/public/index.php(37): CodeIgniter\CodeIgniter->run()
#9 /Users/mohammadrevan/Desktop/skripsi/system/Commands/Server/rewrite.php(43): require_once('/Users/mohammad...')
#10 {main}
CRITICAL - 2022-02-23 06:45:43 --> Attempt to read property "id" on null
#0 /Users/mohammadrevan/Desktop/skripsi/app/Views/pages/data_ayam/edit.php(11): CodeIgniter\Debug\Exceptions->errorHandler(2, 'Attempt to read...', '/Users/mohammad...', 11)
#1 /Users/mohammadrevan/Desktop/skripsi/system/View/View.php(210): include('/Users/mohammad...')
#2 /Users/mohammadrevan/Desktop/skripsi/system/View/View.php(213): CodeIgniter\View\View->CodeIgniter\View\{closure}()
#3 /Users/mohammadrevan/Desktop/skripsi/system/Common.php(1089): CodeIgniter\View\View->render('pages/data_ayam...', Array, true)
#4 /Users/mohammadrevan/Desktop/skripsi/app/Controllers/DataBibitAyam.php(58): view('pages/data_ayam...', Array)
#5 /Users/mohammadrevan/Desktop/skripsi/system/CodeIgniter.php(825): App\Controllers\DataBibitAyam->edit('dashboard.js')
#6 /Users/mohammadrevan/Desktop/skripsi/system/CodeIgniter.php(412): CodeIgniter\CodeIgniter->runController(Object(App\Controllers\DataBibitAyam))
#7 /Users/mohammadrevan/Desktop/skripsi/system/CodeIgniter.php(320): CodeIgniter\CodeIgniter->handleRequest(NULL, Object(Config\Cache), false)
#8 /Users/mohammadrevan/Desktop/skripsi/public/index.php(37): CodeIgniter\CodeIgniter->run()
#9 /Users/mohammadrevan/Desktop/skripsi/system/Commands/Server/rewrite.php(43): require_once('/Users/mohammad...')
#10 {main}
CRITICAL - 2022-02-23 06:45:43 --> Attempt to read property "id" on null
#0 /Users/mohammadrevan/Desktop/skripsi/app/Views/pages/data_ayam/edit.php(11): CodeIgniter\Debug\Exceptions->errorHandler(2, 'Attempt to read...', '/Users/mohammad...', 11)
#1 /Users/mohammadrevan/Desktop/skripsi/system/View/View.php(210): include('/Users/mohammad...')
#2 /Users/mohammadrevan/Desktop/skripsi/system/View/View.php(213): CodeIgniter\View\View->CodeIgniter\View\{closure}()
#3 /Users/mohammadrevan/Desktop/skripsi/system/Common.php(1089): CodeIgniter\View\View->render('pages/data_ayam...', Array, true)
#4 /Users/mohammadrevan/Desktop/skripsi/app/Controllers/DataBibitAyam.php(58): view('pages/data_ayam...', Array)
#5 /Users/mohammadrevan/Desktop/skripsi/system/CodeIgniter.php(825): App\Controllers\DataBibitAyam->edit('dashboard.js')
#6 /Users/mohammadrevan/Desktop/skripsi/system/CodeIgniter.php(412): CodeIgniter\CodeIgniter->runController(Object(App\Controllers\DataBibitAyam))
#7 /Users/mohammadrevan/Desktop/skripsi/system/CodeIgniter.php(320): CodeIgniter\CodeIgniter->handleRequest(NULL, Object(Config\Cache), false)
#8 /Users/mohammadrevan/Desktop/skripsi/public/index.php(37): CodeIgniter\CodeIgniter->run()
#9 /Users/mohammadrevan/Desktop/skripsi/system/Commands/Server/rewrite.php(43): require_once('/Users/mohammad...')
#10 {main}
