CRITICAL - 2022-01-12 16:30:51 --> The framework needs the following extension(s) installed and loaded: intl.
#0 /Users/mohammadrevan/Desktop/ci4/system/CodeIgniter.php(219): CodeIgniter\Exceptions\FrameworkException::forMissingExtension('intl')
#1 /Users/mohammadrevan/Desktop/ci4/system/CodeIgniter.php(177): CodeIgniter\CodeIgniter->resolvePlatformExtensions()
#2 /Users/mohammadrevan/Desktop/ci4/system/bootstrap.php(146): CodeIgniter\CodeIgniter->initialize()
#3 /Users/mohammadrevan/Desktop/ci4/spark(45): require('/Users/mohammad...')
#4 {main}
CRITICAL - 2022-01-12 16:34:10 --> The framework needs the following extension(s) installed and loaded: intl.
#0 /Users/mohammadrevan/Desktop/ci4/system/CodeIgniter.php(219): CodeIgniter\Exceptions\FrameworkException::forMissingExtension('intl')
#1 /Users/mohammadrevan/Desktop/ci4/system/CodeIgniter.php(177): CodeIgniter\CodeIgniter->resolvePlatformExtensions()
#2 /Users/mohammadrevan/Desktop/ci4/system/bootstrap.php(146): CodeIgniter\CodeIgniter->initialize()
#3 /Users/mohammadrevan/Desktop/ci4/spark(45): require('/Users/mohammad...')
#4 {main}
CRITICAL - 2022-01-12 16:34:16 --> The framework needs the following extension(s) installed and loaded: intl.
#0 /Users/mohammadrevan/Desktop/ci4/system/CodeIgniter.php(219): CodeIgniter\Exceptions\FrameworkException::forMissingExtension('intl')
#1 /Users/mohammadrevan/Desktop/ci4/system/CodeIgniter.php(177): CodeIgniter\CodeIgniter->resolvePlatformExtensions()
#2 /Users/mohammadrevan/Desktop/ci4/system/bootstrap.php(146): CodeIgniter\CodeIgniter->initialize()
#3 /Users/mohammadrevan/Desktop/ci4/spark(45): require('/Users/mohammad...')
#4 {main}
CRITICAL - 2022-01-12 16:43:45 --> The framework needs the following extension(s) installed and loaded: intl.
#0 /Users/mohammadrevan/Desktop/ci4/system/CodeIgniter.php(219): CodeIgniter\Exceptions\FrameworkException::forMissingExtension('intl')
#1 /Users/mohammadrevan/Desktop/ci4/system/CodeIgniter.php(177): CodeIgniter\CodeIgniter->resolvePlatformExtensions()
#2 /Users/mohammadrevan/Desktop/ci4/system/bootstrap.php(146): CodeIgniter\CodeIgniter->initialize()
#3 /Users/mohammadrevan/Desktop/ci4/spark(45): require('/Users/mohammad...')
#4 {main}
CRITICAL - 2022-01-12 16:44:06 --> The framework needs the following extension(s) installed and loaded: intl.
#0 /Users/mohammadrevan/Desktop/ci4/system/CodeIgniter.php(219): CodeIgniter\Exceptions\FrameworkException::forMissingExtension('intl')
#1 /Users/mohammadrevan/Desktop/ci4/system/CodeIgniter.php(177): CodeIgniter\CodeIgniter->resolvePlatformExtensions()
#2 /Users/mohammadrevan/Desktop/ci4/system/bootstrap.php(146): CodeIgniter\CodeIgniter->initialize()
#3 /Users/mohammadrevan/Desktop/ci4/spark(45): require('/Users/mohammad...')
#4 {main}
CRITICAL - 2022-01-12 16:47:21 --> The framework needs the following extension(s) installed and loaded: intl.
#0 /Users/mohammadrevan/Desktop/ci4/system/CodeIgniter.php(219): CodeIgniter\Exceptions\FrameworkException::forMissingExtension('intl')
#1 /Users/mohammadrevan/Desktop/ci4/system/CodeIgniter.php(177): CodeIgniter\CodeIgniter->resolvePlatformExtensions()
#2 /Users/mohammadrevan/Desktop/ci4/system/bootstrap.php(146): CodeIgniter\CodeIgniter->initialize()
#3 /Users/mohammadrevan/Desktop/ci4/spark(45): require('/Users/mohammad...')
#4 {main}
