CRITICAL - 2022-06-10 06:07:25 --> Undefined array key "tanggal"
#0 /Users/mohammadrevan/Desktop/skripsi/app/Controllers/Prediksi.php(366): CodeIgniter\Debug\Exceptions->errorHandler(2, 'Undefined array...', '/Users/mohammad...', 366)
#1 /Users/mohammadrevan/Desktop/skripsi/system/CodeIgniter.php(825): App\Controllers\Prediksi->show_grafik()
#2 /Users/mohammadrevan/Desktop/skripsi/system/CodeIgniter.php(412): CodeIgniter\CodeIgniter->runController(Object(App\Controllers\Prediksi))
#3 /Users/mohammadrevan/Desktop/skripsi/system/CodeIgniter.php(320): CodeIgniter\CodeIgniter->handleRequest(NULL, Object(Config\Cache), false)
#4 /Users/mohammadrevan/Desktop/skripsi/public/index.php(37): CodeIgniter\CodeIgniter->run()
#5 /Users/mohammadrevan/Desktop/skripsi/system/Commands/Server/rewrite.php(43): require_once('/Users/mohammad...')
#6 {main}
CRITICAL - 2022-06-10 06:07:38 --> Attempt to read property "tanggal" on array
#0 /Users/mohammadrevan/Desktop/skripsi/app/Controllers/Prediksi.php(366): CodeIgniter\Debug\Exceptions->errorHandler(2, 'Attempt to read...', '/Users/mohammad...', 366)
#1 /Users/mohammadrevan/Desktop/skripsi/system/CodeIgniter.php(825): App\Controllers\Prediksi->show_grafik()
#2 /Users/mohammadrevan/Desktop/skripsi/system/CodeIgniter.php(412): CodeIgniter\CodeIgniter->runController(Object(App\Controllers\Prediksi))
#3 /Users/mohammadrevan/Desktop/skripsi/system/CodeIgniter.php(320): CodeIgniter\CodeIgniter->handleRequest(NULL, Object(Config\Cache), false)
#4 /Users/mohammadrevan/Desktop/skripsi/public/index.php(37): CodeIgniter\CodeIgniter->run()
#5 /Users/mohammadrevan/Desktop/skripsi/system/Commands/Server/rewrite.php(43): require_once('/Users/mohammad...')
#6 {main}
CRITICAL - 2022-06-10 06:07:57 --> Undefined array key "id"
#0 /Users/mohammadrevan/Desktop/skripsi/app/Controllers/Prediksi.php(366): CodeIgniter\Debug\Exceptions->errorHandler(2, 'Undefined array...', '/Users/mohammad...', 366)
#1 /Users/mohammadrevan/Desktop/skripsi/system/CodeIgniter.php(825): App\Controllers\Prediksi->show_grafik()
#2 /Users/mohammadrevan/Desktop/skripsi/system/CodeIgniter.php(412): CodeIgniter\CodeIgniter->runController(Object(App\Controllers\Prediksi))
#3 /Users/mohammadrevan/Desktop/skripsi/system/CodeIgniter.php(320): CodeIgniter\CodeIgniter->handleRequest(NULL, Object(Config\Cache), false)
#4 /Users/mohammadrevan/Desktop/skripsi/public/index.php(37): CodeIgniter\CodeIgniter->run()
#5 /Users/mohammadrevan/Desktop/skripsi/system/Commands/Server/rewrite.php(43): require_once('/Users/mohammad...')
#6 {main}
CRITICAL - 2022-06-10 06:10:49 --> Array to string conversion
#0 /Users/mohammadrevan/Desktop/skripsi/app/Views/pages/prediksi/grafik/grafik.php(20): CodeIgniter\Debug\Exceptions->errorHandler(2, 'Array to string...', '/Users/mohammad...', 20)
#1 /Users/mohammadrevan/Desktop/skripsi/system/View/View.php(210): include('/Users/mohammad...')
#2 /Users/mohammadrevan/Desktop/skripsi/system/View/View.php(213): CodeIgniter\View\View->CodeIgniter\View\{closure}()
#3 /Users/mohammadrevan/Desktop/skripsi/system/Common.php(1089): CodeIgniter\View\View->render('pages/prediksi/...', Array, true)
#4 /Users/mohammadrevan/Desktop/skripsi/app/Controllers/Prediksi.php(373): view('pages/prediksi/...', Array)
#5 /Users/mohammadrevan/Desktop/skripsi/system/CodeIgniter.php(825): App\Controllers\Prediksi->show_grafik()
#6 /Users/mohammadrevan/Desktop/skripsi/system/CodeIgniter.php(412): CodeIgniter\CodeIgniter->runController(Object(App\Controllers\Prediksi))
#7 /Users/mohammadrevan/Desktop/skripsi/system/CodeIgniter.php(320): CodeIgniter\CodeIgniter->handleRequest(NULL, Object(Config\Cache), false)
#8 /Users/mohammadrevan/Desktop/skripsi/public/index.php(37): CodeIgniter\CodeIgniter->run()
#9 /Users/mohammadrevan/Desktop/skripsi/system/Commands/Server/rewrite.php(43): require_once('/Users/mohammad...')
#10 {main}
CRITICAL - 2022-06-10 06:11:06 --> Array to string conversion
#0 /Users/mohammadrevan/Desktop/skripsi/app/Views/pages/prediksi/grafik/grafik.php(20): CodeIgniter\Debug\Exceptions->errorHandler(2, 'Array to string...', '/Users/mohammad...', 20)
#1 /Users/mohammadrevan/Desktop/skripsi/system/View/View.php(210): include('/Users/mohammad...')
#2 /Users/mohammadrevan/Desktop/skripsi/system/View/View.php(213): CodeIgniter\View\View->CodeIgniter\View\{closure}()
#3 /Users/mohammadrevan/Desktop/skripsi/system/Common.php(1089): CodeIgniter\View\View->render('pages/prediksi/...', Array, true)
#4 /Users/mohammadrevan/Desktop/skripsi/app/Controllers/Prediksi.php(373): view('pages/prediksi/...', Array)
#5 /Users/mohammadrevan/Desktop/skripsi/system/CodeIgniter.php(825): App\Controllers\Prediksi->show_grafik()
#6 /Users/mohammadrevan/Desktop/skripsi/system/CodeIgniter.php(412): CodeIgniter\CodeIgniter->runController(Object(App\Controllers\Prediksi))
#7 /Users/mohammadrevan/Desktop/skripsi/system/CodeIgniter.php(320): CodeIgniter\CodeIgniter->handleRequest(NULL, Object(Config\Cache), false)
#8 /Users/mohammadrevan/Desktop/skripsi/public/index.php(37): CodeIgniter\CodeIgniter->run()
#9 /Users/mohammadrevan/Desktop/skripsi/system/Commands/Server/rewrite.php(43): require_once('/Users/mohammad...')
#10 {main}
