CRITICAL - 2022-04-12 09:43:23 --> strtotime(): Argument #1 ($datetime) must be of type string, array given
#0 /Users/mohammadrevan/Desktop/skripsi/app/Controllers/Prediksi.php(116): strtotime(Array)
#1 /Users/mohammadrevan/Desktop/skripsi/system/CodeIgniter.php(825): App\Controllers\Prediksi->hitung()
#2 /Users/mohammadrevan/Desktop/skripsi/system/CodeIgniter.php(412): CodeIgniter\CodeIgniter->runController(Object(App\Controllers\Prediksi))
#3 /Users/mohammadrevan/Desktop/skripsi/system/CodeIgniter.php(320): CodeIgniter\CodeIgniter->handleRequest(NULL, Object(Config\Cache), false)
#4 /Users/mohammadrevan/Desktop/skripsi/public/index.php(37): CodeIgniter\CodeIgniter->run()
#5 /Users/mohammadrevan/Desktop/skripsi/system/Commands/Server/rewrite.php(43): require_once('/Users/mohammad...')
#6 {main}
CRITICAL - 2022-04-12 09:43:44 --> end(): Argument #1 ($array) must be of type array, null given
#0 /Users/mohammadrevan/Desktop/skripsi/app/Controllers/Prediksi.php(116): end(NULL)
#1 /Users/mohammadrevan/Desktop/skripsi/system/CodeIgniter.php(825): App\Controllers\Prediksi->hitung()
#2 /Users/mohammadrevan/Desktop/skripsi/system/CodeIgniter.php(412): CodeIgniter\CodeIgniter->runController(Object(App\Controllers\Prediksi))
#3 /Users/mohammadrevan/Desktop/skripsi/system/CodeIgniter.php(320): CodeIgniter\CodeIgniter->handleRequest(NULL, Object(Config\Cache), false)
#4 /Users/mohammadrevan/Desktop/skripsi/public/index.php(37): CodeIgniter\CodeIgniter->run()
#5 /Users/mohammadrevan/Desktop/skripsi/system/Commands/Server/rewrite.php(43): require_once('/Users/mohammad...')
#6 {main}
CRITICAL - 2022-04-12 09:44:18 --> end(): Argument #1 ($array) must be of type array, null given
#0 /Users/mohammadrevan/Desktop/skripsi/app/Controllers/Prediksi.php(117): end(NULL)
#1 /Users/mohammadrevan/Desktop/skripsi/system/CodeIgniter.php(825): App\Controllers\Prediksi->hitung()
#2 /Users/mohammadrevan/Desktop/skripsi/system/CodeIgniter.php(412): CodeIgniter\CodeIgniter->runController(Object(App\Controllers\Prediksi))
#3 /Users/mohammadrevan/Desktop/skripsi/system/CodeIgniter.php(320): CodeIgniter\CodeIgniter->handleRequest(NULL, Object(Config\Cache), false)
#4 /Users/mohammadrevan/Desktop/skripsi/public/index.php(37): CodeIgniter\CodeIgniter->run()
#5 /Users/mohammadrevan/Desktop/skripsi/system/Commands/Server/rewrite.php(43): require_once('/Users/mohammad...')
#6 {main}
CRITICAL - 2022-04-12 09:50:11 --> Undefined array key "forecast"
#0 /Users/mohammadrevan/Desktop/skripsi/app/Controllers/Prediksi.php(123): CodeIgniter\Debug\Exceptions->errorHandler(2, 'Undefined array...', '/Users/mohammad...', 123)
#1 /Users/mohammadrevan/Desktop/skripsi/system/CodeIgniter.php(825): App\Controllers\Prediksi->hitung()
#2 /Users/mohammadrevan/Desktop/skripsi/system/CodeIgniter.php(412): CodeIgniter\CodeIgniter->runController(Object(App\Controllers\Prediksi))
#3 /Users/mohammadrevan/Desktop/skripsi/system/CodeIgniter.php(320): CodeIgniter\CodeIgniter->handleRequest(NULL, Object(Config\Cache), false)
#4 /Users/mohammadrevan/Desktop/skripsi/public/index.php(37): CodeIgniter\CodeIgniter->run()
#5 /Users/mohammadrevan/Desktop/skripsi/system/Commands/Server/rewrite.php(43): require_once('/Users/mohammad...')
#6 {main}
CRITICAL - 2022-04-12 09:50:47 --> Cannot access offset of type string on string
#0 /Users/mohammadrevan/Desktop/skripsi/system/CodeIgniter.php(825): App\Controllers\Prediksi->hitung()
#1 /Users/mohammadrevan/Desktop/skripsi/system/CodeIgniter.php(412): CodeIgniter\CodeIgniter->runController(Object(App\Controllers\Prediksi))
#2 /Users/mohammadrevan/Desktop/skripsi/system/CodeIgniter.php(320): CodeIgniter\CodeIgniter->handleRequest(NULL, Object(Config\Cache), false)
#3 /Users/mohammadrevan/Desktop/skripsi/public/index.php(37): CodeIgniter\CodeIgniter->run()
#4 /Users/mohammadrevan/Desktop/skripsi/system/Commands/Server/rewrite.php(43): require_once('/Users/mohammad...')
#5 {main}
CRITICAL - 2022-04-12 10:10:16 --> Trying to access array offset on value of type bool
#0 /Users/mohammadrevan/Desktop/skripsi/app/Controllers/Prediksi.php(130): CodeIgniter\Debug\Exceptions->errorHandler(2, 'Trying to acces...', '/Users/mohammad...', 130)
#1 /Users/mohammadrevan/Desktop/skripsi/system/CodeIgniter.php(825): App\Controllers\Prediksi->hitung()
#2 /Users/mohammadrevan/Desktop/skripsi/system/CodeIgniter.php(412): CodeIgniter\CodeIgniter->runController(Object(App\Controllers\Prediksi))
#3 /Users/mohammadrevan/Desktop/skripsi/system/CodeIgniter.php(320): CodeIgniter\CodeIgniter->handleRequest(NULL, Object(Config\Cache), false)
#4 /Users/mohammadrevan/Desktop/skripsi/public/index.php(37): CodeIgniter\CodeIgniter->run()
#5 /Users/mohammadrevan/Desktop/skripsi/system/Commands/Server/rewrite.php(43): require_once('/Users/mohammad...')
#6 {main}
CRITICAL - 2022-04-12 10:13:16 --> current(): Calling current() on an object is deprecated
#0 [internal function]: CodeIgniter\Debug\Exceptions->errorHandler(8192, 'current(): Call...', '/Users/mohammad...', 128)
#1 /Users/mohammadrevan/Desktop/skripsi/app/Controllers/Prediksi.php(128): current(Object(App\Models\PrediksiModel))
#2 /Users/mohammadrevan/Desktop/skripsi/system/CodeIgniter.php(825): App\Controllers\Prediksi->hitung()
#3 /Users/mohammadrevan/Desktop/skripsi/system/CodeIgniter.php(412): CodeIgniter\CodeIgniter->runController(Object(App\Controllers\Prediksi))
#4 /Users/mohammadrevan/Desktop/skripsi/system/CodeIgniter.php(320): CodeIgniter\CodeIgniter->handleRequest(NULL, Object(Config\Cache), false)
#5 /Users/mohammadrevan/Desktop/skripsi/public/index.php(37): CodeIgniter\CodeIgniter->run()
#6 /Users/mohammadrevan/Desktop/skripsi/system/Commands/Server/rewrite.php(43): require_once('/Users/mohammad...')
#7 {main}
CRITICAL - 2022-04-12 10:14:02 --> current(): Argument #1 ($array) must be of type array, null given
#0 /Users/mohammadrevan/Desktop/skripsi/app/Controllers/Prediksi.php(128): current(NULL)
#1 /Users/mohammadrevan/Desktop/skripsi/system/CodeIgniter.php(825): App\Controllers\Prediksi->hitung()
#2 /Users/mohammadrevan/Desktop/skripsi/system/CodeIgniter.php(412): CodeIgniter\CodeIgniter->runController(Object(App\Controllers\Prediksi))
#3 /Users/mohammadrevan/Desktop/skripsi/system/CodeIgniter.php(320): CodeIgniter\CodeIgniter->handleRequest(NULL, Object(Config\Cache), false)
#4 /Users/mohammadrevan/Desktop/skripsi/public/index.php(37): CodeIgniter\CodeIgniter->run()
#5 /Users/mohammadrevan/Desktop/skripsi/system/Commands/Server/rewrite.php(43): require_once('/Users/mohammad...')
#6 {main}
CRITICAL - 2022-04-12 10:18:34 --> Undefined array key "$alpha"
#0 /Users/mohammadrevan/Desktop/skripsi/app/Controllers/Prediksi.php(131): CodeIgniter\Debug\Exceptions->errorHandler(2, 'Undefined array...', '/Users/mohammad...', 131)
#1 /Users/mohammadrevan/Desktop/skripsi/system/CodeIgniter.php(825): App\Controllers\Prediksi->hitung()
#2 /Users/mohammadrevan/Desktop/skripsi/system/CodeIgniter.php(412): CodeIgniter\CodeIgniter->runController(Object(App\Controllers\Prediksi))
#3 /Users/mohammadrevan/Desktop/skripsi/system/CodeIgniter.php(320): CodeIgniter\CodeIgniter->handleRequest(NULL, Object(Config\Cache), false)
#4 /Users/mohammadrevan/Desktop/skripsi/public/index.php(37): CodeIgniter\CodeIgniter->run()
#5 /Users/mohammadrevan/Desktop/skripsi/system/Commands/Server/rewrite.php(43): require_once('/Users/mohammad...')
#6 {main}
ERROR - 2022-04-12 10:23:36 --> Column count of mysql.proc is wrong. Expected 21, found 20. Created with MariaDB 100108, now running 100421. Please use mysql_upgrade to fix this error
CRITICAL - 2022-04-12 10:23:36 --> Column count of mysql.proc is wrong. Expected 21, found 20. Created with MariaDB 100108, now running 100421. Please use mysql_upgrade to fix this error
#0 /Users/mohammadrevan/Desktop/skripsi/system/Database/MySQLi/Connection.php(292): mysqli->query('SELECT *\nFROM `...', 0)
#1 /Users/mohammadrevan/Desktop/skripsi/system/Database/BaseConnection.php(670): CodeIgniter\Database\MySQLi\Connection->execute('SELECT *\nFROM `...')
#2 /Users/mohammadrevan/Desktop/skripsi/system/Database/BaseConnection.php(598): CodeIgniter\Database\BaseConnection->simpleQuery('SELECT *\nFROM `...')
#3 /Users/mohammadrevan/Desktop/skripsi/system/Database/BaseBuilder.php(1455): CodeIgniter\Database\BaseConnection->query('SELECT *\nFROM `...', Array, false)
#4 /Users/mohammadrevan/Desktop/skripsi/system/Model.php(145): CodeIgniter\Database\BaseBuilder->get()
#5 /Users/mohammadrevan/Desktop/skripsi/system/BaseModel.php(523): CodeIgniter\Model->doFind(false, NULL)
#6 /Users/mohammadrevan/Desktop/skripsi/app/Controllers/Prediksi.php(127): CodeIgniter\BaseModel->find()
#7 /Users/mohammadrevan/Desktop/skripsi/system/CodeIgniter.php(825): App\Controllers\Prediksi->hitung()
#8 /Users/mohammadrevan/Desktop/skripsi/system/CodeIgniter.php(412): CodeIgniter\CodeIgniter->runController(Object(App\Controllers\Prediksi))
#9 /Users/mohammadrevan/Desktop/skripsi/system/CodeIgniter.php(320): CodeIgniter\CodeIgniter->handleRequest(NULL, Object(Config\Cache), false)
#10 /Users/mohammadrevan/Desktop/skripsi/public/index.php(37): CodeIgniter\CodeIgniter->run()
#11 /Users/mohammadrevan/Desktop/skripsi/system/Commands/Server/rewrite.php(43): require_once('/Users/mohammad...')
#12 {main}
ERROR - 2022-04-12 10:24:26 --> You have an error in your SQL syntax; check the manual that corresponds to your MariaDB server version for the right syntax to use near '%34612.740260227%' at line 3
CRITICAL - 2022-04-12 10:24:26 --> You have an error in your SQL syntax; check the manual that corresponds to your MariaDB server version for the right syntax to use near '%34612.740260227%' at line 3
#0 /Users/mohammadrevan/Desktop/skripsi/system/Database/MySQLi/Connection.php(292): mysqli->query('SELECT *\nFROM `...', 0)
#1 /Users/mohammadrevan/Desktop/skripsi/system/Database/BaseConnection.php(670): CodeIgniter\Database\MySQLi\Connection->execute('SELECT *\nFROM `...')
#2 /Users/mohammadrevan/Desktop/skripsi/system/Database/BaseConnection.php(598): CodeIgniter\Database\BaseConnection->simpleQuery('SELECT *\nFROM `...')
#3 /Users/mohammadrevan/Desktop/skripsi/system/Database/BaseBuilder.php(1455): CodeIgniter\Database\BaseConnection->query('SELECT *\nFROM `...', Array, false)
#4 /Users/mohammadrevan/Desktop/skripsi/system/Model.php(145): CodeIgniter\Database\BaseBuilder->get()
#5 /Users/mohammadrevan/Desktop/skripsi/system/BaseModel.php(523): CodeIgniter\Model->doFind(false, NULL)
#6 /Users/mohammadrevan/Desktop/skripsi/app/Controllers/Prediksi.php(127): CodeIgniter\BaseModel->find()
#7 /Users/mohammadrevan/Desktop/skripsi/system/CodeIgniter.php(825): App\Controllers\Prediksi->hitung()
#8 /Users/mohammadrevan/Desktop/skripsi/system/CodeIgniter.php(412): CodeIgniter\CodeIgniter->runController(Object(App\Controllers\Prediksi))
#9 /Users/mohammadrevan/Desktop/skripsi/system/CodeIgniter.php(320): CodeIgniter\CodeIgniter->handleRequest(NULL, Object(Config\Cache), false)
#10 /Users/mohammadrevan/Desktop/skripsi/public/index.php(37): CodeIgniter\CodeIgniter->run()
#11 /Users/mohammadrevan/Desktop/skripsi/system/Commands/Server/rewrite.php(43): require_once('/Users/mohammad...')
#12 {main}
ERROR - 2022-04-12 10:24:46 --> You have an error in your SQL syntax; check the manual that corresponds to your MariaDB server version for the right syntax to use near '%0.1%' at line 3
CRITICAL - 2022-04-12 10:24:46 --> You have an error in your SQL syntax; check the manual that corresponds to your MariaDB server version for the right syntax to use near '%0.1%' at line 3
#0 /Users/mohammadrevan/Desktop/skripsi/system/Database/MySQLi/Connection.php(292): mysqli->query('SELECT *\nFROM `...', 0)
#1 /Users/mohammadrevan/Desktop/skripsi/system/Database/BaseConnection.php(670): CodeIgniter\Database\MySQLi\Connection->execute('SELECT *\nFROM `...')
#2 /Users/mohammadrevan/Desktop/skripsi/system/Database/BaseConnection.php(598): CodeIgniter\Database\BaseConnection->simpleQuery('SELECT *\nFROM `...')
#3 /Users/mohammadrevan/Desktop/skripsi/system/Database/BaseBuilder.php(1455): CodeIgniter\Database\BaseConnection->query('SELECT *\nFROM `...', Array, false)
#4 /Users/mohammadrevan/Desktop/skripsi/system/Model.php(145): CodeIgniter\Database\BaseBuilder->get()
#5 /Users/mohammadrevan/Desktop/skripsi/system/BaseModel.php(523): CodeIgniter\Model->doFind(false, NULL)
#6 /Users/mohammadrevan/Desktop/skripsi/app/Controllers/Prediksi.php(127): CodeIgniter\BaseModel->find()
#7 /Users/mohammadrevan/Desktop/skripsi/system/CodeIgniter.php(825): App\Controllers\Prediksi->hitung()
#8 /Users/mohammadrevan/Desktop/skripsi/system/CodeIgniter.php(412): CodeIgniter\CodeIgniter->runController(Object(App\Controllers\Prediksi))
#9 /Users/mohammadrevan/Desktop/skripsi/system/CodeIgniter.php(320): CodeIgniter\CodeIgniter->handleRequest(NULL, Object(Config\Cache), false)
#10 /Users/mohammadrevan/Desktop/skripsi/public/index.php(37): CodeIgniter\CodeIgniter->run()
#11 /Users/mohammadrevan/Desktop/skripsi/system/Commands/Server/rewrite.php(43): require_once('/Users/mohammad...')
#12 {main}
CRITICAL - 2022-04-12 10:25:24 --> current(): Calling current() on an object is deprecated
#0 [internal function]: CodeIgniter\Debug\Exceptions->errorHandler(8192, 'current(): Call...', '/Users/mohammad...', 128)
#1 /Users/mohammadrevan/Desktop/skripsi/app/Controllers/Prediksi.php(128): current(Object(App\Models\PrediksiModel))
#2 /Users/mohammadrevan/Desktop/skripsi/system/CodeIgniter.php(825): App\Controllers\Prediksi->hitung()
#3 /Users/mohammadrevan/Desktop/skripsi/system/CodeIgniter.php(412): CodeIgniter\CodeIgniter->runController(Object(App\Controllers\Prediksi))
#4 /Users/mohammadrevan/Desktop/skripsi/system/CodeIgniter.php(320): CodeIgniter\CodeIgniter->handleRequest(NULL, Object(Config\Cache), false)
#5 /Users/mohammadrevan/Desktop/skripsi/public/index.php(37): CodeIgniter\CodeIgniter->run()
#6 /Users/mohammadrevan/Desktop/skripsi/system/Commands/Server/rewrite.php(43): require_once('/Users/mohammad...')
#7 {main}
CRITICAL - 2022-04-12 10:35:05 --> Call to undefined function App\Controllers\int()
#0 /Users/mohammadrevan/Desktop/skripsi/system/CodeIgniter.php(825): App\Controllers\Prediksi->hitung()
#1 /Users/mohammadrevan/Desktop/skripsi/system/CodeIgniter.php(412): CodeIgniter\CodeIgniter->runController(Object(App\Controllers\Prediksi))
#2 /Users/mohammadrevan/Desktop/skripsi/system/CodeIgniter.php(320): CodeIgniter\CodeIgniter->handleRequest(NULL, Object(Config\Cache), false)
#3 /Users/mohammadrevan/Desktop/skripsi/public/index.php(37): CodeIgniter\CodeIgniter->run()
#4 /Users/mohammadrevan/Desktop/skripsi/system/Commands/Server/rewrite.php(43): require_once('/Users/mohammad...')
#5 {main}
CRITICAL - 2022-04-12 10:36:53 --> Trying to access array offset on value of type bool
#0 /Users/mohammadrevan/Desktop/skripsi/app/Controllers/Prediksi.php(133): CodeIgniter\Debug\Exceptions->errorHandler(2, 'Trying to acces...', '/Users/mohammad...', 133)
#1 /Users/mohammadrevan/Desktop/skripsi/system/CodeIgniter.php(825): App\Controllers\Prediksi->hitung()
#2 /Users/mohammadrevan/Desktop/skripsi/system/CodeIgniter.php(412): CodeIgniter\CodeIgniter->runController(Object(App\Controllers\Prediksi))
#3 /Users/mohammadrevan/Desktop/skripsi/system/CodeIgniter.php(320): CodeIgniter\CodeIgniter->handleRequest(NULL, Object(Config\Cache), false)
#4 /Users/mohammadrevan/Desktop/skripsi/public/index.php(37): CodeIgniter\CodeIgniter->run()
#5 /Users/mohammadrevan/Desktop/skripsi/system/Commands/Server/rewrite.php(43): require_once('/Users/mohammad...')
#6 {main}
CRITICAL - 2022-04-12 11:08:15 --> Undefined variable $title
#0 /Users/mohammadrevan/Desktop/skripsi/app/Views/layouts/header.php(10): CodeIgniter\Debug\Exceptions->errorHandler(2, 'Undefined varia...', '/Users/mohammad...', 10)
#1 /Users/mohammadrevan/Desktop/skripsi/system/View/View.php(210): include('/Users/mohammad...')
#2 /Users/mohammadrevan/Desktop/skripsi/system/View/View.php(213): CodeIgniter\View\View->CodeIgniter\View\{closure}()
#3 /Users/mohammadrevan/Desktop/skripsi/system/View/View.php(424): CodeIgniter\View\View->render('layouts/header', NULL, true)
#4 /Users/mohammadrevan/Desktop/skripsi/app/Views/layouts/main.php(1): CodeIgniter\View\View->include('layouts/header')
#5 /Users/mohammadrevan/Desktop/skripsi/system/View/View.php(210): include('/Users/mohammad...')
#6 /Users/mohammadrevan/Desktop/skripsi/system/View/View.php(213): CodeIgniter\View\View->CodeIgniter\View\{closure}()
#7 /Users/mohammadrevan/Desktop/skripsi/system/View/View.php(226): CodeIgniter\View\View->render('layouts/main', Array, true)
#8 /Users/mohammadrevan/Desktop/skripsi/system/Common.php(1089): CodeIgniter\View\View->render('pages/prediksi/...', Array, true)
#9 /Users/mohammadrevan/Desktop/skripsi/app/Controllers/Prediksi.php(256): view('pages/prediksi/...')
#10 /Users/mohammadrevan/Desktop/skripsi/system/CodeIgniter.php(825): App\Controllers\Prediksi->index_grafik()
#11 /Users/mohammadrevan/Desktop/skripsi/system/CodeIgniter.php(412): CodeIgniter\CodeIgniter->runController(Object(App\Controllers\Prediksi))
#12 /Users/mohammadrevan/Desktop/skripsi/system/CodeIgniter.php(320): CodeIgniter\CodeIgniter->handleRequest(NULL, Object(Config\Cache), false)
#13 /Users/mohammadrevan/Desktop/skripsi/public/index.php(37): CodeIgniter\CodeIgniter->run()
#14 /Users/mohammadrevan/Desktop/skripsi/system/Commands/Server/rewrite.php(43): require_once('/Users/mohammad...')
#15 {main}
