CRITICAL - 2022-02-20 23:13:21 --> Undefined variable $title
#0 /Users/mohammadrevan/Desktop/skripsi/app/Views/data_ayam/index.php(10): CodeIgniter\Debug\Exceptions->errorHandler(2, 'Undefined varia...', '/Users/mohammad...', 10)
#1 /Users/mohammadrevan/Desktop/skripsi/system/View/View.php(210): include('/Users/mohammad...')
#2 /Users/mohammadrevan/Desktop/skripsi/system/View/View.php(213): CodeIgniter\View\View->CodeIgniter\View\{closure}()
#3 /Users/mohammadrevan/Desktop/skripsi/system/Common.php(1089): CodeIgniter\View\View->render('data_ayam/index', Array, true)
#4 /Users/mohammadrevan/Desktop/skripsi/app/Config/Routes.php(38): view('data_ayam/index')
#5 /Users/mohammadrevan/Desktop/skripsi/system/CodeIgniter.php(781): CodeIgniter\CodeIgniter->Config\{closure}()
#6 /Users/mohammadrevan/Desktop/skripsi/system/CodeIgniter.php(399): CodeIgniter\CodeIgniter->startController()
#7 /Users/mohammadrevan/Desktop/skripsi/system/CodeIgniter.php(320): CodeIgniter\CodeIgniter->handleRequest(NULL, Object(Config\Cache), false)
#8 /Users/mohammadrevan/Desktop/skripsi/public/index.php(37): CodeIgniter\CodeIgniter->run()
#9 /Users/mohammadrevan/Desktop/skripsi/system/Commands/Server/rewrite.php(43): require_once('/Users/mohammad...')
#10 {main}
CRITICAL - 2022-02-20 23:13:24 --> Undefined variable $title
#0 /Users/mohammadrevan/Desktop/skripsi/app/Views/data_ayam/index.php(10): CodeIgniter\Debug\Exceptions->errorHandler(2, 'Undefined varia...', '/Users/mohammad...', 10)
#1 /Users/mohammadrevan/Desktop/skripsi/system/View/View.php(210): include('/Users/mohammad...')
#2 /Users/mohammadrevan/Desktop/skripsi/system/View/View.php(213): CodeIgniter\View\View->CodeIgniter\View\{closure}()
#3 /Users/mohammadrevan/Desktop/skripsi/system/Common.php(1089): CodeIgniter\View\View->render('data_ayam/index', Array, true)
#4 /Users/mohammadrevan/Desktop/skripsi/app/Config/Routes.php(38): view('data_ayam/index')
#5 /Users/mohammadrevan/Desktop/skripsi/system/CodeIgniter.php(781): CodeIgniter\CodeIgniter->Config\{closure}()
#6 /Users/mohammadrevan/Desktop/skripsi/system/CodeIgniter.php(399): CodeIgniter\CodeIgniter->startController()
#7 /Users/mohammadrevan/Desktop/skripsi/system/CodeIgniter.php(320): CodeIgniter\CodeIgniter->handleRequest(NULL, Object(Config\Cache), false)
#8 /Users/mohammadrevan/Desktop/skripsi/public/index.php(37): CodeIgniter\CodeIgniter->run()
#9 /Users/mohammadrevan/Desktop/skripsi/system/Commands/Server/rewrite.php(43): require_once('/Users/mohammad...')
#10 {main}
CRITICAL - 2022-02-20 23:13:36 --> Undefined variable $title
#0 /Users/mohammadrevan/Desktop/skripsi/app/Views/data_ayam/index.php(10): CodeIgniter\Debug\Exceptions->errorHandler(2, 'Undefined varia...', '/Users/mohammad...', 10)
#1 /Users/mohammadrevan/Desktop/skripsi/system/View/View.php(210): include('/Users/mohammad...')
#2 /Users/mohammadrevan/Desktop/skripsi/system/View/View.php(213): CodeIgniter\View\View->CodeIgniter\View\{closure}()
#3 /Users/mohammadrevan/Desktop/skripsi/system/Common.php(1089): CodeIgniter\View\View->render('data_ayam/index', Array, true)
#4 /Users/mohammadrevan/Desktop/skripsi/app/Config/Routes.php(38): view('data_ayam/index')
#5 /Users/mohammadrevan/Desktop/skripsi/system/CodeIgniter.php(781): CodeIgniter\CodeIgniter->Config\{closure}()
#6 /Users/mohammadrevan/Desktop/skripsi/system/CodeIgniter.php(399): CodeIgniter\CodeIgniter->startController()
#7 /Users/mohammadrevan/Desktop/skripsi/system/CodeIgniter.php(320): CodeIgniter\CodeIgniter->handleRequest(NULL, Object(Config\Cache), false)
#8 /Users/mohammadrevan/Desktop/skripsi/public/index.php(37): CodeIgniter\CodeIgniter->run()
#9 /Users/mohammadrevan/Desktop/skripsi/system/Commands/Server/rewrite.php(43): require_once('/Users/mohammad...')
#10 {main}
CRITICAL - 2022-02-20 23:14:00 --> Undefined variable $title
#0 /Users/mohammadrevan/Desktop/skripsi/app/Views/data_ayam/index.php(10): CodeIgniter\Debug\Exceptions->errorHandler(2, 'Undefined varia...', '/Users/mohammad...', 10)
#1 /Users/mohammadrevan/Desktop/skripsi/system/View/View.php(210): include('/Users/mohammad...')
#2 /Users/mohammadrevan/Desktop/skripsi/system/View/View.php(213): CodeIgniter\View\View->CodeIgniter\View\{closure}()
#3 /Users/mohammadrevan/Desktop/skripsi/system/Common.php(1089): CodeIgniter\View\View->render('data_ayam/index', Array, true)
#4 /Users/mohammadrevan/Desktop/skripsi/app/Config/Routes.php(38): view('data_ayam/index')
#5 /Users/mohammadrevan/Desktop/skripsi/system/CodeIgniter.php(781): CodeIgniter\CodeIgniter->Config\{closure}()
#6 /Users/mohammadrevan/Desktop/skripsi/system/CodeIgniter.php(399): CodeIgniter\CodeIgniter->startController()
#7 /Users/mohammadrevan/Desktop/skripsi/system/CodeIgniter.php(320): CodeIgniter\CodeIgniter->handleRequest(NULL, Object(Config\Cache), false)
#8 /Users/mohammadrevan/Desktop/skripsi/public/index.php(37): CodeIgniter\CodeIgniter->run()
#9 /Users/mohammadrevan/Desktop/skripsi/system/Commands/Server/rewrite.php(43): require_once('/Users/mohammad...')
#10 {main}
CRITICAL - 2022-02-20 23:16:32 --> Undefined variable $title
#0 /Users/mohammadrevan/Desktop/skripsi/app/Views/data_ayam/index.php(10): CodeIgniter\Debug\Exceptions->errorHandler(2, 'Undefined varia...', '/Users/mohammad...', 10)
#1 /Users/mohammadrevan/Desktop/skripsi/system/View/View.php(210): include('/Users/mohammad...')
#2 /Users/mohammadrevan/Desktop/skripsi/system/View/View.php(213): CodeIgniter\View\View->CodeIgniter\View\{closure}()
#3 /Users/mohammadrevan/Desktop/skripsi/system/Common.php(1089): CodeIgniter\View\View->render('data_ayam/index', Array, true)
#4 /Users/mohammadrevan/Desktop/skripsi/app/Config/Routes.php(38): view('data_ayam/index')
#5 /Users/mohammadrevan/Desktop/skripsi/system/CodeIgniter.php(781): CodeIgniter\CodeIgniter->Config\{closure}()
#6 /Users/mohammadrevan/Desktop/skripsi/system/CodeIgniter.php(399): CodeIgniter\CodeIgniter->startController()
#7 /Users/mohammadrevan/Desktop/skripsi/system/CodeIgniter.php(320): CodeIgniter\CodeIgniter->handleRequest(NULL, Object(Config\Cache), false)
#8 /Users/mohammadrevan/Desktop/skripsi/public/index.php(37): CodeIgniter\CodeIgniter->run()
#9 /Users/mohammadrevan/Desktop/skripsi/system/Commands/Server/rewrite.php(43): require_once('/Users/mohammad...')
#10 {main}
CRITICAL - 2022-02-20 23:16:43 --> Undefined variable $title
#0 /Users/mohammadrevan/Desktop/skripsi/app/Views/data_ayam/index.php(10): CodeIgniter\Debug\Exceptions->errorHandler(2, 'Undefined varia...', '/Users/mohammad...', 10)
#1 /Users/mohammadrevan/Desktop/skripsi/system/View/View.php(210): include('/Users/mohammad...')
#2 /Users/mohammadrevan/Desktop/skripsi/system/View/View.php(213): CodeIgniter\View\View->CodeIgniter\View\{closure}()
#3 /Users/mohammadrevan/Desktop/skripsi/system/Common.php(1089): CodeIgniter\View\View->render('data_ayam/index', Array, true)
#4 /Users/mohammadrevan/Desktop/skripsi/app/Config/Routes.php(38): view('data_ayam/index')
#5 /Users/mohammadrevan/Desktop/skripsi/system/CodeIgniter.php(781): CodeIgniter\CodeIgniter->Config\{closure}()
#6 /Users/mohammadrevan/Desktop/skripsi/system/CodeIgniter.php(399): CodeIgniter\CodeIgniter->startController()
#7 /Users/mohammadrevan/Desktop/skripsi/system/CodeIgniter.php(320): CodeIgniter\CodeIgniter->handleRequest(NULL, Object(Config\Cache), false)
#8 /Users/mohammadrevan/Desktop/skripsi/public/index.php(37): CodeIgniter\CodeIgniter->run()
#9 /Users/mohammadrevan/Desktop/skripsi/system/Commands/Server/rewrite.php(43): require_once('/Users/mohammad...')
#10 {main}
CRITICAL - 2022-02-20 23:38:32 --> Call to undefined method CodeIgniter\View\View::extends()
#0 /Users/mohammadrevan/Desktop/skripsi/system/View/View.php(210): include()
#1 /Users/mohammadrevan/Desktop/skripsi/system/View/View.php(213): CodeIgniter\View\View->CodeIgniter\View\{closure}()
#2 /Users/mohammadrevan/Desktop/skripsi/system/Common.php(1089): CodeIgniter\View\View->render('dashboard/index', Array, true)
#3 /Users/mohammadrevan/Desktop/skripsi/app/Controllers/Home.php(10): view('dashboard/index', Array)
#4 /Users/mohammadrevan/Desktop/skripsi/system/CodeIgniter.php(825): App\Controllers\Home->index()
#5 /Users/mohammadrevan/Desktop/skripsi/system/CodeIgniter.php(412): CodeIgniter\CodeIgniter->runController(Object(App\Controllers\Home))
#6 /Users/mohammadrevan/Desktop/skripsi/system/CodeIgniter.php(320): CodeIgniter\CodeIgniter->handleRequest(NULL, Object(Config\Cache), false)
#7 /Users/mohammadrevan/Desktop/skripsi/public/index.php(37): CodeIgniter\CodeIgniter->run()
#8 /Users/mohammadrevan/Desktop/skripsi/system/Commands/Server/rewrite.php(43): require_once('/Users/mohammad...')
#9 {main}
CRITICAL - 2022-02-20 23:38:45 --> Call to undefined method CodeIgniter\View\View::extends()
#0 /Users/mohammadrevan/Desktop/skripsi/system/View/View.php(210): include()
#1 /Users/mohammadrevan/Desktop/skripsi/system/View/View.php(213): CodeIgniter\View\View->CodeIgniter\View\{closure}()
#2 /Users/mohammadrevan/Desktop/skripsi/system/Common.php(1089): CodeIgniter\View\View->render('dashboard/index', Array, true)
#3 /Users/mohammadrevan/Desktop/skripsi/app/Controllers/Home.php(10): view('dashboard/index', Array)
#4 /Users/mohammadrevan/Desktop/skripsi/system/CodeIgniter.php(825): App\Controllers\Home->index()
#5 /Users/mohammadrevan/Desktop/skripsi/system/CodeIgniter.php(412): CodeIgniter\CodeIgniter->runController(Object(App\Controllers\Home))
#6 /Users/mohammadrevan/Desktop/skripsi/system/CodeIgniter.php(320): CodeIgniter\CodeIgniter->handleRequest(NULL, Object(Config\Cache), false)
#7 /Users/mohammadrevan/Desktop/skripsi/public/index.php(37): CodeIgniter\CodeIgniter->run()
#8 /Users/mohammadrevan/Desktop/skripsi/system/Commands/Server/rewrite.php(43): require_once('/Users/mohammad...')
#9 {main}
CRITICAL - 2022-02-20 23:39:52 --> Call to undefined method CodeIgniter\View\View::extends()
#0 /Users/mohammadrevan/Desktop/skripsi/system/View/View.php(210): include()
#1 /Users/mohammadrevan/Desktop/skripsi/system/View/View.php(213): CodeIgniter\View\View->CodeIgniter\View\{closure}()
#2 /Users/mohammadrevan/Desktop/skripsi/system/Common.php(1089): CodeIgniter\View\View->render('dashboard/index', Array, true)
#3 /Users/mohammadrevan/Desktop/skripsi/app/Controllers/Home.php(10): view('dashboard/index', Array)
#4 /Users/mohammadrevan/Desktop/skripsi/system/CodeIgniter.php(825): App\Controllers\Home->index()
#5 /Users/mohammadrevan/Desktop/skripsi/system/CodeIgniter.php(412): CodeIgniter\CodeIgniter->runController(Object(App\Controllers\Home))
#6 /Users/mohammadrevan/Desktop/skripsi/system/CodeIgniter.php(320): CodeIgniter\CodeIgniter->handleRequest(NULL, Object(Config\Cache), false)
#7 /Users/mohammadrevan/Desktop/skripsi/public/index.php(37): CodeIgniter\CodeIgniter->run()
#8 /Users/mohammadrevan/Desktop/skripsi/system/Commands/Server/rewrite.php(43): require_once('/Users/mohammad...')
#9 {main}
CRITICAL - 2022-02-20 23:40:03 --> Call to undefined method CodeIgniter\View\View::extends()
#0 /Users/mohammadrevan/Desktop/skripsi/system/View/View.php(210): include()
#1 /Users/mohammadrevan/Desktop/skripsi/system/View/View.php(213): CodeIgniter\View\View->CodeIgniter\View\{closure}()
#2 /Users/mohammadrevan/Desktop/skripsi/system/Common.php(1089): CodeIgniter\View\View->render('dashboard/index', Array, true)
#3 /Users/mohammadrevan/Desktop/skripsi/app/Controllers/Home.php(10): view('dashboard/index', Array)
#4 /Users/mohammadrevan/Desktop/skripsi/system/CodeIgniter.php(825): App\Controllers\Home->index()
#5 /Users/mohammadrevan/Desktop/skripsi/system/CodeIgniter.php(412): CodeIgniter\CodeIgniter->runController(Object(App\Controllers\Home))
#6 /Users/mohammadrevan/Desktop/skripsi/system/CodeIgniter.php(320): CodeIgniter\CodeIgniter->handleRequest(NULL, Object(Config\Cache), false)
#7 /Users/mohammadrevan/Desktop/skripsi/public/index.php(37): CodeIgniter\CodeIgniter->run()
#8 /Users/mohammadrevan/Desktop/skripsi/system/Commands/Server/rewrite.php(43): require_once('/Users/mohammad...')
#9 {main}
CRITICAL - 2022-02-20 23:40:04 --> Call to undefined method CodeIgniter\View\View::extends()
#0 /Users/mohammadrevan/Desktop/skripsi/system/View/View.php(210): include()
#1 /Users/mohammadrevan/Desktop/skripsi/system/View/View.php(213): CodeIgniter\View\View->CodeIgniter\View\{closure}()
#2 /Users/mohammadrevan/Desktop/skripsi/system/Common.php(1089): CodeIgniter\View\View->render('dashboard/index', Array, true)
#3 /Users/mohammadrevan/Desktop/skripsi/app/Controllers/Home.php(10): view('dashboard/index', Array)
#4 /Users/mohammadrevan/Desktop/skripsi/system/CodeIgniter.php(825): App\Controllers\Home->index()
#5 /Users/mohammadrevan/Desktop/skripsi/system/CodeIgniter.php(412): CodeIgniter\CodeIgniter->runController(Object(App\Controllers\Home))
#6 /Users/mohammadrevan/Desktop/skripsi/system/CodeIgniter.php(320): CodeIgniter\CodeIgniter->handleRequest(NULL, Object(Config\Cache), false)
#7 /Users/mohammadrevan/Desktop/skripsi/public/index.php(37): CodeIgniter\CodeIgniter->run()
#8 /Users/mohammadrevan/Desktop/skripsi/system/Commands/Server/rewrite.php(43): require_once('/Users/mohammad...')
#9 {main}
CRITICAL - 2022-02-20 23:41:20 --> Call to undefined method CodeIgniter\View\View::extends()
#0 /Users/mohammadrevan/Desktop/skripsi/system/View/View.php(210): include()
#1 /Users/mohammadrevan/Desktop/skripsi/system/View/View.php(213): CodeIgniter\View\View->CodeIgniter\View\{closure}()
#2 /Users/mohammadrevan/Desktop/skripsi/system/Common.php(1089): CodeIgniter\View\View->render('dashboard/index', Array, true)
#3 /Users/mohammadrevan/Desktop/skripsi/app/Controllers/Home.php(10): view('dashboard/index', Array)
#4 /Users/mohammadrevan/Desktop/skripsi/system/CodeIgniter.php(825): App\Controllers\Home->index()
#5 /Users/mohammadrevan/Desktop/skripsi/system/CodeIgniter.php(412): CodeIgniter\CodeIgniter->runController(Object(App\Controllers\Home))
#6 /Users/mohammadrevan/Desktop/skripsi/system/CodeIgniter.php(320): CodeIgniter\CodeIgniter->handleRequest(NULL, Object(Config\Cache), false)
#7 /Users/mohammadrevan/Desktop/skripsi/public/index.php(37): CodeIgniter\CodeIgniter->run()
#8 /Users/mohammadrevan/Desktop/skripsi/system/Commands/Server/rewrite.php(43): require_once('/Users/mohammad...')
#9 {main}
CRITICAL - 2022-02-20 23:41:30 --> Call to undefined method CodeIgniter\View\View::extends()
#0 /Users/mohammadrevan/Desktop/skripsi/system/View/View.php(210): include()
#1 /Users/mohammadrevan/Desktop/skripsi/system/View/View.php(213): CodeIgniter\View\View->CodeIgniter\View\{closure}()
#2 /Users/mohammadrevan/Desktop/skripsi/system/Common.php(1089): CodeIgniter\View\View->render('dashboard/index', Array, true)
#3 /Users/mohammadrevan/Desktop/skripsi/app/Controllers/Home.php(10): view('dashboard/index', Array)
#4 /Users/mohammadrevan/Desktop/skripsi/system/CodeIgniter.php(825): App\Controllers\Home->index()
#5 /Users/mohammadrevan/Desktop/skripsi/system/CodeIgniter.php(412): CodeIgniter\CodeIgniter->runController(Object(App\Controllers\Home))
#6 /Users/mohammadrevan/Desktop/skripsi/system/CodeIgniter.php(320): CodeIgniter\CodeIgniter->handleRequest(NULL, Object(Config\Cache), false)
#7 /Users/mohammadrevan/Desktop/skripsi/public/index.php(37): CodeIgniter\CodeIgniter->run()
#8 /Users/mohammadrevan/Desktop/skripsi/system/Commands/Server/rewrite.php(43): require_once('/Users/mohammad...')
#9 {main}
CRITICAL - 2022-02-20 23:42:05 --> Call to undefined method CodeIgniter\View\View::extends()
#0 /Users/mohammadrevan/Desktop/skripsi/system/View/View.php(210): include()
#1 /Users/mohammadrevan/Desktop/skripsi/system/View/View.php(213): CodeIgniter\View\View->CodeIgniter\View\{closure}()
#2 /Users/mohammadrevan/Desktop/skripsi/system/Common.php(1089): CodeIgniter\View\View->render('dashboard/index', Array, true)
#3 /Users/mohammadrevan/Desktop/skripsi/app/Controllers/Home.php(10): view('dashboard/index', Array)
#4 /Users/mohammadrevan/Desktop/skripsi/system/CodeIgniter.php(825): App\Controllers\Home->index()
#5 /Users/mohammadrevan/Desktop/skripsi/system/CodeIgniter.php(412): CodeIgniter\CodeIgniter->runController(Object(App\Controllers\Home))
#6 /Users/mohammadrevan/Desktop/skripsi/system/CodeIgniter.php(320): CodeIgniter\CodeIgniter->handleRequest(NULL, Object(Config\Cache), false)
#7 /Users/mohammadrevan/Desktop/skripsi/public/index.php(37): CodeIgniter\CodeIgniter->run()
#8 /Users/mohammadrevan/Desktop/skripsi/system/Commands/Server/rewrite.php(43): require_once('/Users/mohammad...')
#9 {main}
CRITICAL - 2022-02-20 23:42:15 --> Call to undefined method CodeIgniter\View\View::extends()
#0 /Users/mohammadrevan/Desktop/skripsi/system/View/View.php(210): include()
#1 /Users/mohammadrevan/Desktop/skripsi/system/View/View.php(213): CodeIgniter\View\View->CodeIgniter\View\{closure}()
#2 /Users/mohammadrevan/Desktop/skripsi/system/Common.php(1089): CodeIgniter\View\View->render('dashboard/index', Array, true)
#3 /Users/mohammadrevan/Desktop/skripsi/app/Controllers/Home.php(10): view('dashboard/index', Array)
#4 /Users/mohammadrevan/Desktop/skripsi/system/CodeIgniter.php(825): App\Controllers\Home->index()
#5 /Users/mohammadrevan/Desktop/skripsi/system/CodeIgniter.php(412): CodeIgniter\CodeIgniter->runController(Object(App\Controllers\Home))
#6 /Users/mohammadrevan/Desktop/skripsi/system/CodeIgniter.php(320): CodeIgniter\CodeIgniter->handleRequest(NULL, Object(Config\Cache), false)
#7 /Users/mohammadrevan/Desktop/skripsi/public/index.php(37): CodeIgniter\CodeIgniter->run()
#8 /Users/mohammadrevan/Desktop/skripsi/system/Commands/Server/rewrite.php(43): require_once('/Users/mohammad...')
#9 {main}
CRITICAL - 2022-02-20 23:55:54 --> Undefined variable $title
#0 /Users/mohammadrevan/Desktop/skripsi/app/Views/layouts/header.php(10): CodeIgniter\Debug\Exceptions->errorHandler(2, 'Undefined varia...', '/Users/mohammad...', 10)
#1 /Users/mohammadrevan/Desktop/skripsi/system/View/View.php(210): include('/Users/mohammad...')
#2 /Users/mohammadrevan/Desktop/skripsi/system/View/View.php(213): CodeIgniter\View\View->CodeIgniter\View\{closure}()
#3 /Users/mohammadrevan/Desktop/skripsi/system/View/View.php(424): CodeIgniter\View\View->render('layouts/header', NULL, true)
#4 /Users/mohammadrevan/Desktop/skripsi/app/Views/layouts/main.php(1): CodeIgniter\View\View->include('layouts/header')
#5 /Users/mohammadrevan/Desktop/skripsi/system/View/View.php(210): include('/Users/mohammad...')
#6 /Users/mohammadrevan/Desktop/skripsi/system/View/View.php(213): CodeIgniter\View\View->CodeIgniter\View\{closure}()
#7 /Users/mohammadrevan/Desktop/skripsi/system/View/View.php(226): CodeIgniter\View\View->render('layouts/main', Array, true)
#8 /Users/mohammadrevan/Desktop/skripsi/system/Common.php(1089): CodeIgniter\View\View->render('data_ayam/index', Array, true)
#9 /Users/mohammadrevan/Desktop/skripsi/app/Config/Routes.php(38): view('data_ayam/index')
#10 /Users/mohammadrevan/Desktop/skripsi/system/CodeIgniter.php(781): CodeIgniter\CodeIgniter->Config\{closure}()
#11 /Users/mohammadrevan/Desktop/skripsi/system/CodeIgniter.php(399): CodeIgniter\CodeIgniter->startController()
#12 /Users/mohammadrevan/Desktop/skripsi/system/CodeIgniter.php(320): CodeIgniter\CodeIgniter->handleRequest(NULL, Object(Config\Cache), false)
#13 /Users/mohammadrevan/Desktop/skripsi/public/index.php(37): CodeIgniter\CodeIgniter->run()
#14 /Users/mohammadrevan/Desktop/skripsi/system/Commands/Server/rewrite.php(43): require_once('/Users/mohammad...')
#15 {main}
CRITICAL - 2022-02-20 23:57:01 --> Undefined variable $title
#0 /Users/mohammadrevan/Desktop/skripsi/app/Views/layouts/header.php(10): CodeIgniter\Debug\Exceptions->errorHandler(2, 'Undefined varia...', '/Users/mohammad...', 10)
#1 /Users/mohammadrevan/Desktop/skripsi/system/View/View.php(210): include('/Users/mohammad...')
#2 /Users/mohammadrevan/Desktop/skripsi/system/View/View.php(213): CodeIgniter\View\View->CodeIgniter\View\{closure}()
#3 /Users/mohammadrevan/Desktop/skripsi/system/View/View.php(424): CodeIgniter\View\View->render('layouts/header', NULL, true)
#4 /Users/mohammadrevan/Desktop/skripsi/app/Views/layouts/main.php(1): CodeIgniter\View\View->include('layouts/header')
#5 /Users/mohammadrevan/Desktop/skripsi/system/View/View.php(210): include('/Users/mohammad...')
#6 /Users/mohammadrevan/Desktop/skripsi/system/View/View.php(213): CodeIgniter\View\View->CodeIgniter\View\{closure}()
#7 /Users/mohammadrevan/Desktop/skripsi/system/View/View.php(226): CodeIgniter\View\View->render('layouts/main', Array, true)
#8 /Users/mohammadrevan/Desktop/skripsi/system/Common.php(1089): CodeIgniter\View\View->render('data_ayam/index', Array, true)
#9 /Users/mohammadrevan/Desktop/skripsi/app/Config/Routes.php(38): view('data_ayam/index')
#10 /Users/mohammadrevan/Desktop/skripsi/system/CodeIgniter.php(781): CodeIgniter\CodeIgniter->Config\{closure}()
#11 /Users/mohammadrevan/Desktop/skripsi/system/CodeIgniter.php(399): CodeIgniter\CodeIgniter->startController()
#12 /Users/mohammadrevan/Desktop/skripsi/system/CodeIgniter.php(320): CodeIgniter\CodeIgniter->handleRequest(NULL, Object(Config\Cache), false)
#13 /Users/mohammadrevan/Desktop/skripsi/public/index.php(37): CodeIgniter\CodeIgniter->run()
#14 /Users/mohammadrevan/Desktop/skripsi/system/Commands/Server/rewrite.php(43): require_once('/Users/mohammad...')
#15 {main}
CRITICAL - 2022-02-20 23:57:17 --> Undefined variable $title
#0 /Users/mohammadrevan/Desktop/skripsi/app/Views/layouts/header.php(10): CodeIgniter\Debug\Exceptions->errorHandler(2, 'Undefined varia...', '/Users/mohammad...', 10)
#1 /Users/mohammadrevan/Desktop/skripsi/system/View/View.php(210): include('/Users/mohammad...')
#2 /Users/mohammadrevan/Desktop/skripsi/system/View/View.php(213): CodeIgniter\View\View->CodeIgniter\View\{closure}()
#3 /Users/mohammadrevan/Desktop/skripsi/system/View/View.php(424): CodeIgniter\View\View->render('layouts/header', NULL, true)
#4 /Users/mohammadrevan/Desktop/skripsi/app/Views/layouts/main.php(1): CodeIgniter\View\View->include('layouts/header')
#5 /Users/mohammadrevan/Desktop/skripsi/system/View/View.php(210): include('/Users/mohammad...')
#6 /Users/mohammadrevan/Desktop/skripsi/system/View/View.php(213): CodeIgniter\View\View->CodeIgniter\View\{closure}()
#7 /Users/mohammadrevan/Desktop/skripsi/system/View/View.php(226): CodeIgniter\View\View->render('layouts/main', Array, true)
#8 /Users/mohammadrevan/Desktop/skripsi/system/Common.php(1089): CodeIgniter\View\View->render('data_ayam/index', Array, true)
#9 /Users/mohammadrevan/Desktop/skripsi/app/Config/Routes.php(38): view('data_ayam/index')
#10 /Users/mohammadrevan/Desktop/skripsi/system/CodeIgniter.php(781): CodeIgniter\CodeIgniter->Config\{closure}()
#11 /Users/mohammadrevan/Desktop/skripsi/system/CodeIgniter.php(399): CodeIgniter\CodeIgniter->startController()
#12 /Users/mohammadrevan/Desktop/skripsi/system/CodeIgniter.php(320): CodeIgniter\CodeIgniter->handleRequest(NULL, Object(Config\Cache), false)
#13 /Users/mohammadrevan/Desktop/skripsi/public/index.php(37): CodeIgniter\CodeIgniter->run()
#14 /Users/mohammadrevan/Desktop/skripsi/system/Commands/Server/rewrite.php(43): require_once('/Users/mohammad...')
#15 {main}
