CRITICAL - 2022-05-14 06:37:23 --> Attempt to read property "id" on array
#0 /Users/mohammadrevan/Desktop/skripsi/app/Views/pages/penjualan/edit.php(11): CodeIgniter\Debug\Exceptions->errorHandler(2, 'Attempt to read...', '/Users/mohammad...', 11)
#1 /Users/mohammadrevan/Desktop/skripsi/system/View/View.php(210): include('/Users/mohammad...')
#2 /Users/mohammadrevan/Desktop/skripsi/system/View/View.php(213): CodeIgniter\View\View->CodeIgniter\View\{closure}()
#3 /Users/mohammadrevan/Desktop/skripsi/system/Common.php(1089): CodeIgniter\View\View->render('pages/penjualan...', Array, true)
#4 /Users/mohammadrevan/Desktop/skripsi/app/Controllers/Penjualan.php(62): view('pages/penjualan...', Array)
#5 /Users/mohammadrevan/Desktop/skripsi/system/CodeIgniter.php(825): App\Controllers\Penjualan->edit('23')
#6 /Users/mohammadrevan/Desktop/skripsi/system/CodeIgniter.php(412): CodeIgniter\CodeIgniter->runController(Object(App\Controllers\Penjualan))
#7 /Users/mohammadrevan/Desktop/skripsi/system/CodeIgniter.php(320): CodeIgniter\CodeIgniter->handleRequest(NULL, Object(Config\Cache), false)
#8 /Users/mohammadrevan/Desktop/skripsi/public/index.php(37): CodeIgniter\CodeIgniter->run()
#9 /Users/mohammadrevan/Desktop/skripsi/system/Commands/Server/rewrite.php(43): require_once('/Users/mohammad...')
#10 {main}
CRITICAL - 2022-05-14 06:37:30 --> Attempt to read property "id" on array
#0 /Users/mohammadrevan/Desktop/skripsi/app/Views/pages/penjualan/edit.php(11): CodeIgniter\Debug\Exceptions->errorHandler(2, 'Attempt to read...', '/Users/mohammad...', 11)
#1 /Users/mohammadrevan/Desktop/skripsi/system/View/View.php(210): include('/Users/mohammad...')
#2 /Users/mohammadrevan/Desktop/skripsi/system/View/View.php(213): CodeIgniter\View\View->CodeIgniter\View\{closure}()
#3 /Users/mohammadrevan/Desktop/skripsi/system/Common.php(1089): CodeIgniter\View\View->render('pages/penjualan...', Array, true)
#4 /Users/mohammadrevan/Desktop/skripsi/app/Controllers/Penjualan.php(62): view('pages/penjualan...', Array)
#5 /Users/mohammadrevan/Desktop/skripsi/system/CodeIgniter.php(825): App\Controllers\Penjualan->edit('13')
#6 /Users/mohammadrevan/Desktop/skripsi/system/CodeIgniter.php(412): CodeIgniter\CodeIgniter->runController(Object(App\Controllers\Penjualan))
#7 /Users/mohammadrevan/Desktop/skripsi/system/CodeIgniter.php(320): CodeIgniter\CodeIgniter->handleRequest(NULL, Object(Config\Cache), false)
#8 /Users/mohammadrevan/Desktop/skripsi/public/index.php(37): CodeIgniter\CodeIgniter->run()
#9 /Users/mohammadrevan/Desktop/skripsi/system/Commands/Server/rewrite.php(43): require_once('/Users/mohammad...')
#10 {main}
CRITICAL - 2022-05-14 06:39:19 --> Attempt to read property "jenis" on array
#0 /Users/mohammadrevan/Desktop/skripsi/app/Views/pages/penjualan/edit.php(26): CodeIgniter\Debug\Exceptions->errorHandler(2, 'Attempt to read...', '/Users/mohammad...', 26)
#1 /Users/mohammadrevan/Desktop/skripsi/system/View/View.php(210): include('/Users/mohammad...')
#2 /Users/mohammadrevan/Desktop/skripsi/system/View/View.php(213): CodeIgniter\View\View->CodeIgniter\View\{closure}()
#3 /Users/mohammadrevan/Desktop/skripsi/system/Common.php(1089): CodeIgniter\View\View->render('pages/penjualan...', Array, true)
#4 /Users/mohammadrevan/Desktop/skripsi/app/Controllers/Penjualan.php(62): view('pages/penjualan...', Array)
#5 /Users/mohammadrevan/Desktop/skripsi/system/CodeIgniter.php(825): App\Controllers\Penjualan->edit('8')
#6 /Users/mohammadrevan/Desktop/skripsi/system/CodeIgniter.php(412): CodeIgniter\CodeIgniter->runController(Object(App\Controllers\Penjualan))
#7 /Users/mohammadrevan/Desktop/skripsi/system/CodeIgniter.php(320): CodeIgniter\CodeIgniter->handleRequest(NULL, Object(Config\Cache), false)
#8 /Users/mohammadrevan/Desktop/skripsi/public/index.php(37): CodeIgniter\CodeIgniter->run()
#9 /Users/mohammadrevan/Desktop/skripsi/system/Commands/Server/rewrite.php(43): require_once('/Users/mohammad...')
#10 {main}
CRITICAL - 2022-05-14 06:40:19 --> Attempt to read property "tanggal" on array
#0 /Users/mohammadrevan/Desktop/skripsi/app/Views/pages/penjualan/edit.php(32): CodeIgniter\Debug\Exceptions->errorHandler(2, 'Attempt to read...', '/Users/mohammad...', 32)
#1 /Users/mohammadrevan/Desktop/skripsi/system/View/View.php(210): include('/Users/mohammad...')
#2 /Users/mohammadrevan/Desktop/skripsi/system/View/View.php(213): CodeIgniter\View\View->CodeIgniter\View\{closure}()
#3 /Users/mohammadrevan/Desktop/skripsi/system/Common.php(1089): CodeIgniter\View\View->render('pages/penjualan...', Array, true)
#4 /Users/mohammadrevan/Desktop/skripsi/app/Controllers/Penjualan.php(62): view('pages/penjualan...', Array)
#5 /Users/mohammadrevan/Desktop/skripsi/system/CodeIgniter.php(825): App\Controllers\Penjualan->edit('10')
#6 /Users/mohammadrevan/Desktop/skripsi/system/CodeIgniter.php(412): CodeIgniter\CodeIgniter->runController(Object(App\Controllers\Penjualan))
#7 /Users/mohammadrevan/Desktop/skripsi/system/CodeIgniter.php(320): CodeIgniter\CodeIgniter->handleRequest(NULL, Object(Config\Cache), false)
#8 /Users/mohammadrevan/Desktop/skripsi/public/index.php(37): CodeIgniter\CodeIgniter->run()
#9 /Users/mohammadrevan/Desktop/skripsi/system/Commands/Server/rewrite.php(43): require_once('/Users/mohammad...')
#10 {main}
CRITICAL - 2022-05-14 06:40:54 --> Attempt to read property "bibit_terjual" on array
#0 /Users/mohammadrevan/Desktop/skripsi/app/Views/pages/penjualan/edit.php(44): CodeIgniter\Debug\Exceptions->errorHandler(2, 'Attempt to read...', '/Users/mohammad...', 44)
#1 /Users/mohammadrevan/Desktop/skripsi/system/View/View.php(210): include('/Users/mohammad...')
#2 /Users/mohammadrevan/Desktop/skripsi/system/View/View.php(213): CodeIgniter\View\View->CodeIgniter\View\{closure}()
#3 /Users/mohammadrevan/Desktop/skripsi/system/Common.php(1089): CodeIgniter\View\View->render('pages/penjualan...', Array, true)
#4 /Users/mohammadrevan/Desktop/skripsi/app/Controllers/Penjualan.php(62): view('pages/penjualan...', Array)
#5 /Users/mohammadrevan/Desktop/skripsi/system/CodeIgniter.php(825): App\Controllers\Penjualan->edit('7')
#6 /Users/mohammadrevan/Desktop/skripsi/system/CodeIgniter.php(412): CodeIgniter\CodeIgniter->runController(Object(App\Controllers\Penjualan))
#7 /Users/mohammadrevan/Desktop/skripsi/system/CodeIgniter.php(320): CodeIgniter\CodeIgniter->handleRequest(NULL, Object(Config\Cache), false)
#8 /Users/mohammadrevan/Desktop/skripsi/public/index.php(37): CodeIgniter\CodeIgniter->run()
#9 /Users/mohammadrevan/Desktop/skripsi/system/Commands/Server/rewrite.php(43): require_once('/Users/mohammad...')
#10 {main}
CRITICAL - 2022-05-14 06:41:20 --> Trying to access array offset on value of type null
#0 /Users/mohammadrevan/Desktop/skripsi/app/Views/pages/penjualan/edit.php(11): CodeIgniter\Debug\Exceptions->errorHandler(2, 'Trying to acces...', '/Users/mohammad...', 11)
#1 /Users/mohammadrevan/Desktop/skripsi/system/View/View.php(210): include('/Users/mohammad...')
#2 /Users/mohammadrevan/Desktop/skripsi/system/View/View.php(213): CodeIgniter\View\View->CodeIgniter\View\{closure}()
#3 /Users/mohammadrevan/Desktop/skripsi/system/Common.php(1089): CodeIgniter\View\View->render('pages/penjualan...', Array, true)
#4 /Users/mohammadrevan/Desktop/skripsi/app/Controllers/Penjualan.php(62): view('pages/penjualan...', Array)
#5 /Users/mohammadrevan/Desktop/skripsi/system/CodeIgniter.php(825): App\Controllers\Penjualan->edit('dashboard.js')
#6 /Users/mohammadrevan/Desktop/skripsi/system/CodeIgniter.php(412): CodeIgniter\CodeIgniter->runController(Object(App\Controllers\Penjualan))
#7 /Users/mohammadrevan/Desktop/skripsi/system/CodeIgniter.php(320): CodeIgniter\CodeIgniter->handleRequest(NULL, Object(Config\Cache), false)
#8 /Users/mohammadrevan/Desktop/skripsi/public/index.php(37): CodeIgniter\CodeIgniter->run()
#9 /Users/mohammadrevan/Desktop/skripsi/system/Commands/Server/rewrite.php(43): require_once('/Users/mohammad...')
#10 {main}
CRITICAL - 2022-05-14 06:51:01 --> Trying to access array offset on value of type null
#0 /Users/mohammadrevan/Desktop/skripsi/app/Views/pages/penjualan/edit.php(11): CodeIgniter\Debug\Exceptions->errorHandler(2, 'Trying to acces...', '/Users/mohammad...', 11)
#1 /Users/mohammadrevan/Desktop/skripsi/system/View/View.php(210): include('/Users/mohammad...')
#2 /Users/mohammadrevan/Desktop/skripsi/system/View/View.php(213): CodeIgniter\View\View->CodeIgniter\View\{closure}()
#3 /Users/mohammadrevan/Desktop/skripsi/system/Common.php(1089): CodeIgniter\View\View->render('pages/penjualan...', Array, true)
#4 /Users/mohammadrevan/Desktop/skripsi/app/Controllers/Penjualan.php(62): view('pages/penjualan...', Array)
#5 /Users/mohammadrevan/Desktop/skripsi/system/CodeIgniter.php(825): App\Controllers\Penjualan->edit('dashboard.js')
#6 /Users/mohammadrevan/Desktop/skripsi/system/CodeIgniter.php(412): CodeIgniter\CodeIgniter->runController(Object(App\Controllers\Penjualan))
#7 /Users/mohammadrevan/Desktop/skripsi/system/CodeIgniter.php(320): CodeIgniter\CodeIgniter->handleRequest(NULL, Object(Config\Cache), false)
#8 /Users/mohammadrevan/Desktop/skripsi/public/index.php(37): CodeIgniter\CodeIgniter->run()
#9 /Users/mohammadrevan/Desktop/skripsi/system/Commands/Server/rewrite.php(43): require_once('/Users/mohammad...')
#10 {main}
CRITICAL - 2022-05-14 06:51:20 --> Trying to access array offset on value of type null
#0 /Users/mohammadrevan/Desktop/skripsi/app/Views/pages/penjualan/edit.php(11): CodeIgniter\Debug\Exceptions->errorHandler(2, 'Trying to acces...', '/Users/mohammad...', 11)
#1 /Users/mohammadrevan/Desktop/skripsi/system/View/View.php(210): include('/Users/mohammad...')
#2 /Users/mohammadrevan/Desktop/skripsi/system/View/View.php(213): CodeIgniter\View\View->CodeIgniter\View\{closure}()
#3 /Users/mohammadrevan/Desktop/skripsi/system/Common.php(1089): CodeIgniter\View\View->render('pages/penjualan...', Array, true)
#4 /Users/mohammadrevan/Desktop/skripsi/app/Controllers/Penjualan.php(62): view('pages/penjualan...', Array)
#5 /Users/mohammadrevan/Desktop/skripsi/system/CodeIgniter.php(825): App\Controllers\Penjualan->edit('dashboard.js')
#6 /Users/mohammadrevan/Desktop/skripsi/system/CodeIgniter.php(412): CodeIgniter\CodeIgniter->runController(Object(App\Controllers\Penjualan))
#7 /Users/mohammadrevan/Desktop/skripsi/system/CodeIgniter.php(320): CodeIgniter\CodeIgniter->handleRequest(NULL, Object(Config\Cache), false)
#8 /Users/mohammadrevan/Desktop/skripsi/public/index.php(37): CodeIgniter\CodeIgniter->run()
#9 /Users/mohammadrevan/Desktop/skripsi/system/Commands/Server/rewrite.php(43): require_once('/Users/mohammad...')
#10 {main}
CRITICAL - 2022-05-14 06:51:54 --> Trying to access array offset on value of type null
#0 /Users/mohammadrevan/Desktop/skripsi/app/Views/pages/penjualan/edit.php(11): CodeIgniter\Debug\Exceptions->errorHandler(2, 'Trying to acces...', '/Users/mohammad...', 11)
#1 /Users/mohammadrevan/Desktop/skripsi/system/View/View.php(210): include('/Users/mohammad...')
#2 /Users/mohammadrevan/Desktop/skripsi/system/View/View.php(213): CodeIgniter\View\View->CodeIgniter\View\{closure}()
#3 /Users/mohammadrevan/Desktop/skripsi/system/Common.php(1089): CodeIgniter\View\View->render('pages/penjualan...', Array, true)
#4 /Users/mohammadrevan/Desktop/skripsi/app/Controllers/Penjualan.php(62): view('pages/penjualan...', Array)
#5 /Users/mohammadrevan/Desktop/skripsi/system/CodeIgniter.php(825): App\Controllers\Penjualan->edit('dashboard.js')
#6 /Users/mohammadrevan/Desktop/skripsi/system/CodeIgniter.php(412): CodeIgniter\CodeIgniter->runController(Object(App\Controllers\Penjualan))
#7 /Users/mohammadrevan/Desktop/skripsi/system/CodeIgniter.php(320): CodeIgniter\CodeIgniter->handleRequest(NULL, Object(Config\Cache), false)
#8 /Users/mohammadrevan/Desktop/skripsi/public/index.php(37): CodeIgniter\CodeIgniter->run()
#9 /Users/mohammadrevan/Desktop/skripsi/system/Commands/Server/rewrite.php(43): require_once('/Users/mohammad...')
#10 {main}
CRITICAL - 2022-05-14 06:56:42 --> Trying to access array offset on value of type null
#0 /Users/mohammadrevan/Desktop/skripsi/app/Views/pages/penjualan/edit.php(11): CodeIgniter\Debug\Exceptions->errorHandler(2, 'Trying to acces...', '/Users/mohammad...', 11)
#1 /Users/mohammadrevan/Desktop/skripsi/system/View/View.php(210): include('/Users/mohammad...')
#2 /Users/mohammadrevan/Desktop/skripsi/system/View/View.php(213): CodeIgniter\View\View->CodeIgniter\View\{closure}()
#3 /Users/mohammadrevan/Desktop/skripsi/system/Common.php(1089): CodeIgniter\View\View->render('pages/penjualan...', Array, true)
#4 /Users/mohammadrevan/Desktop/skripsi/app/Controllers/Penjualan.php(62): view('pages/penjualan...', Array)
#5 /Users/mohammadrevan/Desktop/skripsi/system/CodeIgniter.php(825): App\Controllers\Penjualan->edit('dashboard.js')
#6 /Users/mohammadrevan/Desktop/skripsi/system/CodeIgniter.php(412): CodeIgniter\CodeIgniter->runController(Object(App\Controllers\Penjualan))
#7 /Users/mohammadrevan/Desktop/skripsi/system/CodeIgniter.php(320): CodeIgniter\CodeIgniter->handleRequest(NULL, Object(Config\Cache), false)
#8 /Users/mohammadrevan/Desktop/skripsi/public/index.php(37): CodeIgniter\CodeIgniter->run()
#9 /Users/mohammadrevan/Desktop/skripsi/system/Commands/Server/rewrite.php(43): require_once('/Users/mohammad...')
#10 {main}
CRITICAL - 2022-05-14 06:57:04 --> Trying to access array offset on value of type null
#0 /Users/mohammadrevan/Desktop/skripsi/app/Views/pages/penjualan/edit.php(11): CodeIgniter\Debug\Exceptions->errorHandler(2, 'Trying to acces...', '/Users/mohammad...', 11)
#1 /Users/mohammadrevan/Desktop/skripsi/system/View/View.php(210): include('/Users/mohammad...')
#2 /Users/mohammadrevan/Desktop/skripsi/system/View/View.php(213): CodeIgniter\View\View->CodeIgniter\View\{closure}()
#3 /Users/mohammadrevan/Desktop/skripsi/system/Common.php(1089): CodeIgniter\View\View->render('pages/penjualan...', Array, true)
#4 /Users/mohammadrevan/Desktop/skripsi/app/Controllers/Penjualan.php(62): view('pages/penjualan...', Array)
#5 /Users/mohammadrevan/Desktop/skripsi/system/CodeIgniter.php(825): App\Controllers\Penjualan->edit('dashboard.js')
#6 /Users/mohammadrevan/Desktop/skripsi/system/CodeIgniter.php(412): CodeIgniter\CodeIgniter->runController(Object(App\Controllers\Penjualan))
#7 /Users/mohammadrevan/Desktop/skripsi/system/CodeIgniter.php(320): CodeIgniter\CodeIgniter->handleRequest(NULL, Object(Config\Cache), false)
#8 /Users/mohammadrevan/Desktop/skripsi/public/index.php(37): CodeIgniter\CodeIgniter->run()
#9 /Users/mohammadrevan/Desktop/skripsi/system/Commands/Server/rewrite.php(43): require_once('/Users/mohammad...')
#10 {main}
CRITICAL - 2022-05-14 06:57:11 --> Trying to access array offset on value of type null
#0 /Users/mohammadrevan/Desktop/skripsi/app/Views/pages/penjualan/edit.php(11): CodeIgniter\Debug\Exceptions->errorHandler(2, 'Trying to acces...', '/Users/mohammad...', 11)
#1 /Users/mohammadrevan/Desktop/skripsi/system/View/View.php(210): include('/Users/mohammad...')
#2 /Users/mohammadrevan/Desktop/skripsi/system/View/View.php(213): CodeIgniter\View\View->CodeIgniter\View\{closure}()
#3 /Users/mohammadrevan/Desktop/skripsi/system/Common.php(1089): CodeIgniter\View\View->render('pages/penjualan...', Array, true)
#4 /Users/mohammadrevan/Desktop/skripsi/app/Controllers/Penjualan.php(62): view('pages/penjualan...', Array)
#5 /Users/mohammadrevan/Desktop/skripsi/system/CodeIgniter.php(825): App\Controllers\Penjualan->edit('dashboard.js')
#6 /Users/mohammadrevan/Desktop/skripsi/system/CodeIgniter.php(412): CodeIgniter\CodeIgniter->runController(Object(App\Controllers\Penjualan))
#7 /Users/mohammadrevan/Desktop/skripsi/system/CodeIgniter.php(320): CodeIgniter\CodeIgniter->handleRequest(NULL, Object(Config\Cache), false)
#8 /Users/mohammadrevan/Desktop/skripsi/public/index.php(37): CodeIgniter\CodeIgniter->run()
#9 /Users/mohammadrevan/Desktop/skripsi/system/Commands/Server/rewrite.php(43): require_once('/Users/mohammad...')
#10 {main}
CRITICAL - 2022-05-14 06:57:18 --> Trying to access array offset on value of type null
#0 /Users/mohammadrevan/Desktop/skripsi/app/Views/pages/penjualan/edit.php(11): CodeIgniter\Debug\Exceptions->errorHandler(2, 'Trying to acces...', '/Users/mohammad...', 11)
#1 /Users/mohammadrevan/Desktop/skripsi/system/View/View.php(210): include('/Users/mohammad...')
#2 /Users/mohammadrevan/Desktop/skripsi/system/View/View.php(213): CodeIgniter\View\View->CodeIgniter\View\{closure}()
#3 /Users/mohammadrevan/Desktop/skripsi/system/Common.php(1089): CodeIgniter\View\View->render('pages/penjualan...', Array, true)
#4 /Users/mohammadrevan/Desktop/skripsi/app/Controllers/Penjualan.php(62): view('pages/penjualan...', Array)
#5 /Users/mohammadrevan/Desktop/skripsi/system/CodeIgniter.php(825): App\Controllers\Penjualan->edit('dashboard.js')
#6 /Users/mohammadrevan/Desktop/skripsi/system/CodeIgniter.php(412): CodeIgniter\CodeIgniter->runController(Object(App\Controllers\Penjualan))
#7 /Users/mohammadrevan/Desktop/skripsi/system/CodeIgniter.php(320): CodeIgniter\CodeIgniter->handleRequest(NULL, Object(Config\Cache), false)
#8 /Users/mohammadrevan/Desktop/skripsi/public/index.php(37): CodeIgniter\CodeIgniter->run()
#9 /Users/mohammadrevan/Desktop/skripsi/system/Commands/Server/rewrite.php(43): require_once('/Users/mohammad...')
#10 {main}
CRITICAL - 2022-05-14 06:57:25 --> Trying to access array offset on value of type null
#0 /Users/mohammadrevan/Desktop/skripsi/app/Views/pages/penjualan/edit.php(11): CodeIgniter\Debug\Exceptions->errorHandler(2, 'Trying to acces...', '/Users/mohammad...', 11)
#1 /Users/mohammadrevan/Desktop/skripsi/system/View/View.php(210): include('/Users/mohammad...')
#2 /Users/mohammadrevan/Desktop/skripsi/system/View/View.php(213): CodeIgniter\View\View->CodeIgniter\View\{closure}()
#3 /Users/mohammadrevan/Desktop/skripsi/system/Common.php(1089): CodeIgniter\View\View->render('pages/penjualan...', Array, true)
#4 /Users/mohammadrevan/Desktop/skripsi/app/Controllers/Penjualan.php(62): view('pages/penjualan...', Array)
#5 /Users/mohammadrevan/Desktop/skripsi/system/CodeIgniter.php(825): App\Controllers\Penjualan->edit('dashboard.js')
#6 /Users/mohammadrevan/Desktop/skripsi/system/CodeIgniter.php(412): CodeIgniter\CodeIgniter->runController(Object(App\Controllers\Penjualan))
#7 /Users/mohammadrevan/Desktop/skripsi/system/CodeIgniter.php(320): CodeIgniter\CodeIgniter->handleRequest(NULL, Object(Config\Cache), false)
#8 /Users/mohammadrevan/Desktop/skripsi/public/index.php(37): CodeIgniter\CodeIgniter->run()
#9 /Users/mohammadrevan/Desktop/skripsi/system/Commands/Server/rewrite.php(43): require_once('/Users/mohammad...')
#10 {main}
